2026-06-16 15:50:36 | INFO     | blancops | Loading feature cache from /work/nvme/bgpy/rhur/blancops/data/train/des/feature_cache_nside32_azel
2026-06-16 15:50:36 | INFO     | blancops.data.feature_cache | Loading RawFeatureCache metadata from /work/nvme/bgpy/rhur/blancops/data/train/des/feature_cache_nside32_azel
2026-06-16 15:50:36 | INFO     | blancops.data.feature_cache | Loading RawFeatureCache bin_features from /work/nvme/bgpy/rhur/blancops/data/train/des/feature_cache_nside32_azel
2026-06-16 15:50:36 | INFO     | blancops.data.feature_cache | Loading RawFeatureCache transitions from /work/nvme/bgpy/rhur/blancops/data/train/des/feature_cache_nside32_azel
2026-06-16 15:50:36 | INFO     | blancops.data.feature_cache | Filtering cache to 689 nights (2013-01-01 to 2019-01-31)
2026-06-16 15:50:36 | INFO     | blancops.data.feature_cache | Removing 1719 date range transitions with time diff > 5 min. Total date range transitions: 86976
2026-06-16 16:04:47 | INFO     | blancops.data.dataset | Normalization stats saved to /work/hdd/bgpy/rhur/blancops/experiments/bc/max_feature_set/run_20260616_155036/checkpoints/normalization_stats.json
2026-06-16 16:04:47 | INFO     | blancops | Train dataset: 689 nights, 86976 transitions
2026-06-16 16:04:47 | INFO     | blancops.data.feature_cache | Removing 1537 Train transitions with time diff > 5 min. Total Train transitions: 78559
2026-06-16 16:04:47 | INFO     | blancops.data.feature_cache | Removing 182 Val transitions with time diff > 5 min. Total Val transitions: 8417
2026-06-16 16:05:33 | INFO     | blancops.data.feature_cache | ValDatasetCache saved to /work/hdd/bgpy/rhur/blancops/experiments/bc/max_feature_set/run_20260616_155036/checkpoints/val_dataset_cache.pt
2026-06-16 16:05:33 | INFO     | blancops | Val dataset cache saved to /work/hdd/bgpy/rhur/blancops/experiments/bc/max_feature_set/run_20260616_155036/checkpoints/val_dataset_cache.pt
2026-06-16 16:05:33 | INFO     | blancops | Released feature cache from memory.
2026-06-16 16:09:06 | INFO     | blancops | Starting training…
2026-06-16 16:09:17 | INFO     | blancops.rl.trainer | 
Validation check at train step 0 
 (val set)      entropy = 10.295 | logp_expert_action = -10.087 | action_margin = -0.612 | accuracy = 0.001 | filter_accuracy = 0.274 | unique_filters = 0.822 | bin_accuracy = 0.002 | ang_sep = 28.512 | unique_bins = 0.058 | bin_loss = 8.522 | filter_loss = 1.559 | val_loss = 10.087 
 (train batch)  entropy = 10.275 | logp_expert_action = -10.422 | action_margin = -0.887 | accuracy = 0.000 | filter_accuracy = 0.253 | unique_filters = 0.800 | bin_accuracy = 0.005 | ang_sep = 31.571 | unique_bins = 0.121 | bin_loss = 8.729 | filter_loss = 1.637 | train_loss = 10.422
2026-06-16 16:09:17 | INFO     | blancops.rl.trainer | Improved model at step 0 (epoch 1): val_loss=10.087. Saving weights
2026-06-16 16:09:17 | INFO     | blancops.rl.checkpointer | Deployment model and norm stats saved to model.pt
2026-06-16 16:09:53 | INFO     | blancops.rl.trainer | 
Validation check at train step 76 
 (val set)      entropy = 7.157 | logp_expert_action = -5.146 | action_margin = -1.835 | accuracy = 0.090 | filter_accuracy = 0.523 | unique_filters = 1.000 | bin_accuracy = 0.173 | ang_sep = 4.478 | unique_bins = 0.061 | bin_loss = 4.092 | filter_loss = 1.175 | val_loss = 5.146 
 (train batch)  entropy = 7.230 | logp_expert_action = -5.059 | action_margin = -1.758 | accuracy = 0.091 | filter_accuracy = 0.536 | unique_filters = 1.000 | bin_accuracy = 0.179 | ang_sep = 4.361 | unique_bins = 0.098 | bin_loss = 4.058 | filter_loss = 1.144 | train_loss = 5.060
2026-06-16 16:09:53 | INFO     | blancops.rl.trainer | Improved model at step 76 (epoch 2): val_loss=5.146. Saving weights
2026-06-16 16:09:53 | INFO     | blancops.rl.checkpointer | Deployment model and norm stats saved to model.pt
2026-06-16 16:10:30 | INFO     | blancops.rl.trainer | 
Validation check at train step 152 
 (val set)      entropy = 5.741 | logp_expert_action = -4.728 | action_margin = -2.059 | accuracy = 0.107 | filter_accuracy = 0.558 | unique_filters = 1.000 | bin_accuracy = 0.194 | ang_sep = 4.287 | unique_bins = 0.060 | bin_loss = 3.729 | filter_loss = 1.055 | val_loss = 4.728 
 (train batch)  entropy = 6.088 | logp_expert_action = -4.944 | action_margin = -2.297 | accuracy = 0.098 | filter_accuracy = 0.582 | unique_filters = 1.000 | bin_accuracy = 0.178 | ang_sep = 4.819 | unique_bins = 0.097 | bin_loss = 3.978 | filter_loss = 1.037 | train_loss = 4.945
2026-06-16 16:10:30 | INFO     | blancops.rl.trainer | Improved model at step 152 (epoch 3): val_loss=4.728. Saving weights
2026-06-16 16:10:30 | INFO     | blancops.rl.checkpointer | Deployment model and norm stats saved to model.pt
2026-06-16 16:11:07 | INFO     | blancops.rl.trainer | 
Validation check at train step 228 
 (val set)      entropy = 5.509 | logp_expert_action = -4.654 | action_margin = -2.234 | accuracy = 0.108 | filter_accuracy = 0.566 | unique_filters = 1.000 | bin_accuracy = 0.192 | ang_sep = 4.246 | unique_bins = 0.060 | bin_loss = 3.675 | filter_loss = 1.031 | val_loss = 4.654 
 (train batch)  entropy = 4.485 | logp_expert_action = -4.591 | action_margin = -2.125 | accuracy = 0.104 | filter_accuracy = 0.573 | unique_filters = 1.000 | bin_accuracy = 0.199 | ang_sep = 4.497 | unique_bins = 0.099 | bin_loss = 3.653 | filter_loss = 0.966 | train_loss = 4.591
2026-06-16 16:11:07 | INFO     | blancops.rl.trainer | Improved model at step 228 (epoch 4): val_loss=4.654. Saving weights
2026-06-16 16:11:07 | INFO     | blancops.rl.checkpointer | Deployment model and norm stats saved to model.pt
2026-06-16 16:11:43 | INFO     | blancops.rl.trainer | 
Validation check at train step 304 
 (val set)      entropy = 4.380 | logp_expert_action = -4.477 | action_margin = -2.105 | accuracy = 0.116 | filter_accuracy = 0.572 | unique_filters = 1.000 | bin_accuracy = 0.200 | ang_sep = 4.242 | unique_bins = 0.061 | bin_loss = 3.536 | filter_loss = 0.959 | val_loss = 4.477 
 (train batch)  entropy = 4.492 | logp_expert_action = -4.269 | action_margin = -1.945 | accuracy = 0.123 | filter_accuracy = 0.573 | unique_filters = 1.000 | bin_accuracy = 0.226 | ang_sep = 4.209 | unique_bins = 0.097 | bin_loss = 3.365 | filter_loss = 0.935 | train_loss = 4.269
2026-06-16 16:11:43 | INFO     | blancops.rl.trainer | Improved model at step 304 (epoch 5): val_loss=4.477. Saving weights
2026-06-16 16:11:43 | INFO     | blancops.rl.checkpointer | Deployment model and norm stats saved to model.pt
2026-06-16 16:12:20 | INFO     | blancops.rl.trainer | 
Validation check at train step 380 
 (val set)      entropy = 4.184 | logp_expert_action = -4.470 | action_margin = -2.083 | accuracy = 0.111 | filter_accuracy = 0.550 | unique_filters = 1.000 | bin_accuracy = 0.197 | ang_sep = 4.222 | unique_bins = 0.060 | bin_loss = 3.529 | filter_loss = 0.967 | val_loss = 4.470 
 (train batch)  entropy = 4.735 | logp_expert_action = -4.165 | action_margin = -1.930 | accuracy = 0.150 | filter_accuracy = 0.604 | unique_filters = 1.000 | bin_accuracy = 0.231 | ang_sep = 4.054 | unique_bins = 0.098 | bin_loss = 3.337 | filter_loss = 0.883 | train_loss = 4.166
2026-06-16 16:12:20 | INFO     | blancops.rl.trainer | Improved model at step 380 (epoch 6): val_loss=4.470. Saving weights
2026-06-16 16:12:20 | INFO     | blancops.rl.checkpointer | Deployment model and norm stats saved to model.pt
2026-06-16 16:12:56 | INFO     | blancops.rl.trainer | 
Validation check at train step 456 
 (val set)      entropy = 4.317 | logp_expert_action = -4.362 | action_margin = -2.150 | accuracy = 0.123 | filter_accuracy = 0.570 | unique_filters = 1.000 | bin_accuracy = 0.202 | ang_sep = 4.147 | unique_bins = 0.060 | bin_loss = 3.465 | filter_loss = 0.933 | val_loss = 4.363 
 (train batch)  entropy = 4.149 | logp_expert_action = -4.430 | action_margin = -2.062 | accuracy = 0.126 | filter_accuracy = 0.597 | unique_filters = 1.000 | bin_accuracy = 0.204 | ang_sep = 4.528 | unique_bins = 0.097 | bin_loss = 3.607 | filter_loss = 0.874 | train_loss = 4.430
2026-06-16 16:12:56 | INFO     | blancops.rl.trainer | Improved model at step 456 (epoch 7): val_loss=4.363. Saving weights
2026-06-16 16:12:56 | INFO     | blancops.rl.checkpointer | Deployment model and norm stats saved to model.pt
2026-06-16 16:13:32 | INFO     | blancops.rl.trainer | 
Validation check at train step 532 
 (val set)      entropy = 4.126 | logp_expert_action = -4.326 | action_margin = -2.058 | accuracy = 0.127 | filter_accuracy = 0.597 | unique_filters = 1.000 | bin_accuracy = 0.197 | ang_sep = 4.192 | unique_bins = 0.061 | bin_loss = 3.467 | filter_loss = 0.895 | val_loss = 4.326 
 (train batch)  entropy = 4.611 | logp_expert_action = -4.097 | action_margin = -1.859 | accuracy = 0.163 | filter_accuracy = 0.628 | unique_filters = 1.000 | bin_accuracy = 0.242 | ang_sep = 4.216 | unique_bins = 0.096 | bin_loss = 3.255 | filter_loss = 0.892 | train_loss = 4.097
2026-06-16 16:13:32 | INFO     | blancops.rl.trainer | Improved model at step 532 (epoch 8): val_loss=4.326. Saving weights
2026-06-16 16:13:33 | INFO     | blancops.rl.checkpointer | Deployment model and norm stats saved to model.pt
2026-06-16 16:14:09 | INFO     | blancops.rl.trainer | 
Validation check at train step 608 
 (val set)      entropy = 4.442 | logp_expert_action = -4.358 | action_margin = -2.206 | accuracy = 0.129 | filter_accuracy = 0.604 | unique_filters = 1.000 | bin_accuracy = 0.206 | ang_sep = 4.165 | unique_bins = 0.061 | bin_loss = 3.477 | filter_loss = 0.917 | val_loss = 4.358 
 (train batch)  entropy = 4.004 | logp_expert_action = -4.255 | action_margin = -2.000 | accuracy = 0.132 | filter_accuracy = 0.591 | unique_filters = 1.000 | bin_accuracy = 0.210 | ang_sep = 4.364 | unique_bins = 0.099 | bin_loss = 3.400 | filter_loss = 0.907 | train_loss = 4.255
2026-06-16 16:14:46 | INFO     | blancops.rl.trainer | 
Validation check at train step 684 
 (val set)      entropy = 3.812 | logp_expert_action = -4.301 | action_margin = -2.214 | accuracy = 0.128 | filter_accuracy = 0.579 | unique_filters = 1.000 | bin_accuracy = 0.203 | ang_sep = 4.204 | unique_bins = 0.060 | bin_loss = 3.443 | filter_loss = 0.895 | val_loss = 4.301 
 (train batch)  entropy = 4.169 | logp_expert_action = -4.123 | action_margin = -2.109 | accuracy = 0.157 | filter_accuracy = 0.598 | unique_filters = 1.000 | bin_accuracy = 0.242 | ang_sep = 4.241 | unique_bins = 0.095 | bin_loss = 3.321 | filter_loss = 0.848 | train_loss = 4.123
2026-06-16 16:14:46 | INFO     | blancops.rl.trainer | Improved model at step 684 (epoch 10): val_loss=4.301. Saving weights
2026-06-16 16:14:46 | INFO     | blancops.rl.checkpointer | Deployment model and norm stats saved to model.pt
2026-06-16 16:15:22 | INFO     | blancops.rl.trainer | 
Validation check at train step 760 
 (val set)      entropy = 4.681 | logp_expert_action = -4.307 | action_margin = -2.070 | accuracy = 0.133 | filter_accuracy = 0.619 | unique_filters = 1.000 | bin_accuracy = 0.205 | ang_sep = 4.185 | unique_bins = 0.060 | bin_loss = 3.457 | filter_loss = 0.898 | val_loss = 4.307 
 (train batch)  entropy = 4.056 | logp_expert_action = -4.065 | action_margin = -1.891 | accuracy = 0.146 | filter_accuracy = 0.648 | unique_filters = 1.000 | bin_accuracy = 0.229 | ang_sep = 3.996 | unique_bins = 0.096 | bin_loss = 3.290 | filter_loss = 0.819 | train_loss = 4.065
2026-06-16 16:15:58 | INFO     | blancops.rl.trainer | 
Validation check at train step 836 
 (val set)      entropy = 4.006 | logp_expert_action = -4.214 | action_margin = -2.014 | accuracy = 0.144 | filter_accuracy = 0.619 | unique_filters = 1.000 | bin_accuracy = 0.211 | ang_sep = 4.189 | unique_bins = 0.061 | bin_loss = 3.401 | filter_loss = 0.860 | val_loss = 4.214 
 (train batch)  entropy = 4.015 | logp_expert_action = -4.052 | action_margin = -1.805 | accuracy = 0.164 | filter_accuracy = 0.646 | unique_filters = 1.000 | bin_accuracy = 0.234 | ang_sep = 4.251 | unique_bins = 0.096 | bin_loss = 3.300 | filter_loss = 0.814 | train_loss = 4.052
2026-06-16 16:15:58 | INFO     | blancops.rl.trainer | Improved model at step 836 (epoch 12): val_loss=4.214. Saving weights
2026-06-16 16:15:59 | INFO     | blancops.rl.checkpointer | Deployment model and norm stats saved to model.pt
2026-06-16 16:16:35 | INFO     | blancops.rl.trainer | 
Validation check at train step 912 
 (val set)      entropy = 4.578 | logp_expert_action = -4.245 | action_margin = -2.133 | accuracy = 0.138 | filter_accuracy = 0.623 | unique_filters = 1.000 | bin_accuracy = 0.209 | ang_sep = 4.176 | unique_bins = 0.059 | bin_loss = 3.428 | filter_loss = 0.876 | val_loss = 4.245 
 (train batch)  entropy = 3.887 | logp_expert_action = -3.970 | action_margin = -1.922 | accuracy = 0.161 | filter_accuracy = 0.629 | unique_filters = 1.000 | bin_accuracy = 0.244 | ang_sep = 4.022 | unique_bins = 0.097 | bin_loss = 3.231 | filter_loss = 0.818 | train_loss = 3.970
2026-06-16 16:17:11 | INFO     | blancops.rl.trainer | 
Validation check at train step 988 
 (val set)      entropy = 4.301 | logp_expert_action = -4.148 | action_margin = -2.063 | accuracy = 0.145 | filter_accuracy = 0.636 | unique_filters = 1.000 | bin_accuracy = 0.213 | ang_sep = 4.200 | unique_bins = 0.060 | bin_loss = 3.363 | filter_loss = 0.839 | val_loss = 4.147 
 (train batch)  entropy = 3.868 | logp_expert_action = -4.000 | action_margin = -1.898 | accuracy = 0.184 | filter_accuracy = 0.654 | unique_filters = 1.000 | bin_accuracy = 0.237 | ang_sep = 4.368 | unique_bins = 0.095 | bin_loss = 3.259 | filter_loss = 0.802 | train_loss = 4.000
2026-06-16 16:17:11 | INFO     | blancops.rl.trainer | Improved model at step 988 (epoch 14): val_loss=4.147. Saving weights
2026-06-16 16:17:11 | INFO     | blancops.rl.checkpointer | Deployment model and norm stats saved to model.pt
2026-06-16 16:17:48 | INFO     | blancops.rl.trainer | 
Validation check at train step 1064 
 (val set)      entropy = 4.050 | logp_expert_action = -4.103 | action_margin = -2.043 | accuracy = 0.145 | filter_accuracy = 0.623 | unique_filters = 1.000 | bin_accuracy = 0.211 | ang_sep = 4.183 | unique_bins = 0.060 | bin_loss = 3.317 | filter_loss = 0.844 | val_loss = 4.103 
 (train batch)  entropy = 4.130 | logp_expert_action = -4.000 | action_margin = -1.938 | accuracy = 0.165 | filter_accuracy = 0.656 | unique_filters = 1.000 | bin_accuracy = 0.235 | ang_sep = 4.365 | unique_bins = 0.098 | bin_loss = 3.271 | filter_loss = 0.815 | train_loss = 4.000
2026-06-16 16:17:48 | INFO     | blancops.rl.trainer | Improved model at step 1064 (epoch 15): val_loss=4.103. Saving weights
2026-06-16 16:17:48 | INFO     | blancops.rl.checkpointer | Deployment model and norm stats saved to model.pt
2026-06-16 16:18:25 | INFO     | blancops.rl.trainer | 
Validation check at train step 1140 
 (val set)      entropy = 4.175 | logp_expert_action = -4.119 | action_margin = -2.016 | accuracy = 0.153 | filter_accuracy = 0.621 | unique_filters = 1.000 | bin_accuracy = 0.216 | ang_sep = 4.168 | unique_bins = 0.060 | bin_loss = 3.325 | filter_loss = 0.854 | val_loss = 4.119 
 (train batch)  entropy = 3.801 | logp_expert_action = -4.108 | action_margin = -1.922 | accuracy = 0.162 | filter_accuracy = 0.620 | unique_filters = 1.000 | bin_accuracy = 0.226 | ang_sep = 4.810 | unique_bins = 0.095 | bin_loss = 3.367 | filter_loss = 0.815 | train_loss = 4.107
2026-06-16 16:19:01 | INFO     | blancops.rl.trainer | 
Validation check at train step 1216 
 (val set)      entropy = 3.950 | logp_expert_action = -4.138 | action_margin = -1.966 | accuracy = 0.149 | filter_accuracy = 0.606 | unique_filters = 1.000 | bin_accuracy = 0.214 | ang_sep = 4.195 | unique_bins = 0.060 | bin_loss = 3.346 | filter_loss = 0.848 | val_loss = 4.138 
 (train batch)  entropy = 4.353 | logp_expert_action = -3.978 | action_margin = -1.820 | accuracy = 0.156 | filter_accuracy = 0.648 | unique_filters = 1.000 | bin_accuracy = 0.222 | ang_sep = 4.461 | unique_bins = 0.098 | bin_loss = 3.272 | filter_loss = 0.801 | train_loss = 3.978
2026-06-16 16:19:38 | INFO     | blancops.rl.trainer | 
Validation check at train step 1292 
 (val set)      entropy = 3.696 | logp_expert_action = -4.155 | action_margin = -2.214 | accuracy = 0.146 | filter_accuracy = 0.612 | unique_filters = 1.000 | bin_accuracy = 0.209 | ang_sep = 4.209 | unique_bins = 0.061 | bin_loss = 3.368 | filter_loss = 0.845 | val_loss = 4.155 
 (train batch)  entropy = 3.634 | logp_expert_action = -3.988 | action_margin = -2.000 | accuracy = 0.175 | filter_accuracy = 0.637 | unique_filters = 1.000 | bin_accuracy = 0.239 | ang_sep = 4.189 | unique_bins = 0.094 | bin_loss = 3.262 | filter_loss = 0.816 | train_loss = 3.988
2026-06-16 16:20:14 | INFO     | blancops.rl.trainer | 
Validation check at train step 1368 
 (val set)      entropy = 3.822 | logp_expert_action = -4.122 | action_margin = -2.135 | accuracy = 0.152 | filter_accuracy = 0.601 | unique_filters = 1.000 | bin_accuracy = 0.219 | ang_sep = 4.172 | unique_bins = 0.059 | bin_loss = 3.318 | filter_loss = 0.857 | val_loss = 4.122 
 (train batch)  entropy = 3.790 | logp_expert_action = -3.883 | action_margin = -1.859 | accuracy = 0.194 | filter_accuracy = 0.654 | unique_filters = 1.000 | bin_accuracy = 0.259 | ang_sep = 4.452 | unique_bins = 0.097 | bin_loss = 3.215 | filter_loss = 0.769 | train_loss = 3.883
2026-06-16 16:20:51 | INFO     | blancops.rl.trainer | 
Validation check at train step 1444 
 (val set)      entropy = 4.075 | logp_expert_action = -4.057 | action_margin = -2.060 | accuracy = 0.150 | filter_accuracy = 0.628 | unique_filters = 1.000 | bin_accuracy = 0.219 | ang_sep = 4.149 | unique_bins = 0.059 | bin_loss = 3.297 | filter_loss = 0.817 | val_loss = 4.057 
 (train batch)  entropy = 4.073 | logp_expert_action = -3.857 | action_margin = -1.820 | accuracy = 0.184 | filter_accuracy = 0.662 | unique_filters = 1.000 | bin_accuracy = 0.247 | ang_sep = 4.487 | unique_bins = 0.096 | bin_loss = 3.179 | filter_loss = 0.777 | train_loss = 3.857
2026-06-16 16:20:51 | INFO     | blancops.rl.trainer | Improved model at step 1444 (epoch 20): val_loss=4.057. Saving weights
2026-06-16 16:20:51 | INFO     | blancops.rl.checkpointer | Deployment model and norm stats saved to model.pt
2026-06-16 16:21:28 | INFO     | blancops.rl.trainer | 
Validation check at train step 1520 
 (val set)      entropy = 4.077 | logp_expert_action = -4.071 | action_margin = -2.094 | accuracy = 0.148 | filter_accuracy = 0.634 | unique_filters = 1.000 | bin_accuracy = 0.215 | ang_sep = 4.172 | unique_bins = 0.060 | bin_loss = 3.313 | filter_loss = 0.819 | val_loss = 4.071 
 (train batch)  entropy = 3.646 | logp_expert_action = -3.749 | action_margin = -1.758 | accuracy = 0.197 | filter_accuracy = 0.652 | unique_filters = 1.000 | bin_accuracy = 0.271 | ang_sep = 3.999 | unique_bins = 0.098 | bin_loss = 3.057 | filter_loss = 0.775 | train_loss = 3.749
2026-06-16 16:22:04 | INFO     | blancops.rl.trainer | 
Validation check at train step 1596 
 (val set)      entropy = 3.923 | logp_expert_action = -4.031 | action_margin = -2.031 | accuracy = 0.153 | filter_accuracy = 0.622 | unique_filters = 1.000 | bin_accuracy = 0.224 | ang_sep = 4.150 | unique_bins = 0.059 | bin_loss = 3.266 | filter_loss = 0.830 | val_loss = 4.031 
 (train batch)  entropy = 3.711 | logp_expert_action = -3.849 | action_margin = -1.812 | accuracy = 0.178 | filter_accuracy = 0.648 | unique_filters = 1.000 | bin_accuracy = 0.246 | ang_sep = 4.630 | unique_bins = 0.096 | bin_loss = 3.192 | filter_loss = 0.763 | train_loss = 3.849
2026-06-16 16:22:04 | INFO     | blancops.rl.trainer | Improved model at step 1596 (epoch 22): val_loss=4.031. Saving weights
2026-06-16 16:22:04 | INFO     | blancops.rl.checkpointer | Deployment model and norm stats saved to model.pt
2026-06-16 16:22:40 | INFO     | blancops.rl.trainer | 
Validation check at train step 1672 
 (val set)      entropy = 3.953 | logp_expert_action = -4.030 | action_margin = -2.023 | accuracy = 0.156 | filter_accuracy = 0.625 | unique_filters = 1.000 | bin_accuracy = 0.218 | ang_sep = 4.173 | unique_bins = 0.060 | bin_loss = 3.270 | filter_loss = 0.823 | val_loss = 4.030 
 (train batch)  entropy = 3.864 | logp_expert_action = -3.735 | action_margin = -1.656 | accuracy = 0.200 | filter_accuracy = 0.649 | unique_filters = 1.000 | bin_accuracy = 0.267 | ang_sep = 4.375 | unique_bins = 0.095 | bin_loss = 3.086 | filter_loss = 0.746 | train_loss = 3.735
2026-06-16 16:22:40 | INFO     | blancops.rl.trainer | Improved model at step 1672 (epoch 23): val_loss=4.030. Saving weights
2026-06-16 16:22:40 | INFO     | blancops.rl.checkpointer | Deployment model and norm stats saved to model.pt
2026-06-16 16:23:18 | INFO     | blancops.rl.trainer | 
Validation check at train step 1748 
 (val set)      entropy = 3.673 | logp_expert_action = -4.053 | action_margin = -2.138 | accuracy = 0.160 | filter_accuracy = 0.613 | unique_filters = 1.000 | bin_accuracy = 0.224 | ang_sep = 4.159 | unique_bins = 0.059 | bin_loss = 3.288 | filter_loss = 0.831 | val_loss = 4.053 
 (train batch)  entropy = 3.634 | logp_expert_action = -3.880 | action_margin = -1.914 | accuracy = 0.204 | filter_accuracy = 0.647 | unique_filters = 1.000 | bin_accuracy = 0.260 | ang_sep = 4.782 | unique_bins = 0.098 | bin_loss = 3.191 | filter_loss = 0.773 | train_loss = 3.880
2026-06-16 16:23:55 | INFO     | blancops.rl.trainer | 
Validation check at train step 1824 
 (val set)      entropy = 3.768 | logp_expert_action = -4.007 | action_margin = -2.040 | accuracy = 0.165 | filter_accuracy = 0.620 | unique_filters = 1.000 | bin_accuracy = 0.229 | ang_sep = 4.129 | unique_bins = 0.059 | bin_loss = 3.250 | filter_loss = 0.821 | val_loss = 4.007 
 (train batch)  entropy = 3.601 | logp_expert_action = -3.726 | action_margin = -1.766 | accuracy = 0.222 | filter_accuracy = 0.665 | unique_filters = 1.000 | bin_accuracy = 0.267 | ang_sep = 3.925 | unique_bins = 0.098 | bin_loss = 3.065 | filter_loss = 0.783 | train_loss = 3.727
2026-06-16 16:23:55 | INFO     | blancops.rl.trainer | Improved model at step 1824 (epoch 25): val_loss=4.007. Saving weights
2026-06-16 16:23:55 | INFO     | blancops.rl.checkpointer | Deployment model and norm stats saved to model.pt
2026-06-16 16:24:31 | INFO     | blancops.rl.trainer | 
Validation check at train step 1900 
 (val set)      entropy = 3.991 | logp_expert_action = -4.022 | action_margin = -2.003 | accuracy = 0.157 | filter_accuracy = 0.626 | unique_filters = 1.000 | bin_accuracy = 0.222 | ang_sep = 4.174 | unique_bins = 0.059 | bin_loss = 3.268 | filter_loss = 0.817 | val_loss = 4.022 
 (train batch)  entropy = 4.013 | logp_expert_action = -3.810 | action_margin = -1.750 | accuracy = 0.205 | filter_accuracy = 0.688 | unique_filters = 1.000 | bin_accuracy = 0.253 | ang_sep = 4.264 | unique_bins = 0.097 | bin_loss = 3.168 | filter_loss = 0.749 | train_loss = 3.809
2026-06-16 16:25:08 | INFO     | blancops.rl.trainer | 
Validation check at train step 1976 
 (val set)      entropy = 3.867 | logp_expert_action = -4.011 | action_margin = -2.052 | accuracy = 0.159 | filter_accuracy = 0.619 | unique_filters = 1.000 | bin_accuracy = 0.226 | ang_sep = 4.152 | unique_bins = 0.059 | bin_loss = 3.259 | filter_loss = 0.819 | val_loss = 4.011 
 (train batch)  entropy = 3.799 | logp_expert_action = -3.610 | action_margin = -1.617 | accuracy = 0.229 | filter_accuracy = 0.685 | unique_filters = 1.000 | bin_accuracy = 0.291 | ang_sep = 4.155 | unique_bins = 0.095 | bin_loss = 3.004 | filter_loss = 0.708 | train_loss = 3.610
2026-06-16 16:25:45 | INFO     | blancops.rl.trainer | 
Validation check at train step 2052 
 (val set)      entropy = 3.817 | logp_expert_action = -4.011 | action_margin = -2.084 | accuracy = 0.158 | filter_accuracy = 0.624 | unique_filters = 1.000 | bin_accuracy = 0.226 | ang_sep = 4.149 | unique_bins = 0.059 | bin_loss = 3.259 | filter_loss = 0.817 | val_loss = 4.011 
 (train batch)  entropy = 3.737 | logp_expert_action = -3.755 | action_margin = -1.797 | accuracy = 0.211 | filter_accuracy = 0.674 | unique_filters = 1.000 | bin_accuracy = 0.260 | ang_sep = 4.331 | unique_bins = 0.097 | bin_loss = 3.151 | filter_loss = 0.705 | train_loss = 3.756
2026-06-16 16:26:22 | INFO     | blancops.rl.trainer | 
Validation check at train step 2128 
 (val set)      entropy = 3.692 | logp_expert_action = -4.011 | action_margin = -2.058 | accuracy = 0.164 | filter_accuracy = 0.620 | unique_filters = 1.000 | bin_accuracy = 0.226 | ang_sep = 4.164 | unique_bins = 0.059 | bin_loss = 3.256 | filter_loss = 0.818 | val_loss = 4.011 
 (train batch)  entropy = 3.646 | logp_expert_action = -3.762 | action_margin = -1.766 | accuracy = 0.216 | filter_accuracy = 0.641 | unique_filters = 1.000 | bin_accuracy = 0.296 | ang_sep = 4.402 | unique_bins = 0.097 | bin_loss = 3.104 | filter_loss = 0.749 | train_loss = 3.762
2026-06-16 16:26:58 | INFO     | blancops.rl.trainer | 
Validation check at train step 2204 
 (val set)      entropy = 3.800 | logp_expert_action = -4.003 | action_margin = -2.048 | accuracy = 0.161 | filter_accuracy = 0.619 | unique_filters = 1.000 | bin_accuracy = 0.229 | ang_sep = 4.155 | unique_bins = 0.059 | bin_loss = 3.253 | filter_loss = 0.815 | val_loss = 4.003 
 (train batch)  entropy = 3.738 | logp_expert_action = -3.726 | action_margin = -1.766 | accuracy = 0.189 | filter_accuracy = 0.614 | unique_filters = 1.000 | bin_accuracy = 0.268 | ang_sep = 4.150 | unique_bins = 0.095 | bin_loss = 3.069 | filter_loss = 0.765 | train_loss = 3.725
2026-06-16 16:26:58 | INFO     | blancops.rl.trainer | Improved model at step 2204 (epoch 30): val_loss=4.003. Saving weights
2026-06-16 16:26:58 | INFO     | blancops.rl.checkpointer | Deployment model and norm stats saved to model.pt
2026-06-16 16:27:35 | INFO     | blancops.rl.trainer | 
Validation check at train step 2280 
 (val set)      entropy = 3.766 | logp_expert_action = -3.998 | action_margin = -2.039 | accuracy = 0.164 | filter_accuracy = 0.623 | unique_filters = 1.000 | bin_accuracy = 0.227 | ang_sep = 4.165 | unique_bins = 0.059 | bin_loss = 3.248 | filter_loss = 0.816 | val_loss = 3.998 
 (train batch)  entropy = 3.723 | logp_expert_action = -3.641 | action_margin = -1.641 | accuracy = 0.204 | filter_accuracy = 0.662 | unique_filters = 1.000 | bin_accuracy = 0.277 | ang_sep = 4.342 | unique_bins = 0.099 | bin_loss = 3.007 | filter_loss = 0.730 | train_loss = 3.641
2026-06-16 16:27:35 | INFO     | blancops.rl.trainer | Improved model at step 2280 (epoch 31): val_loss=3.998. Saving weights
2026-06-16 16:27:35 | INFO     | blancops.rl.checkpointer | Deployment model and norm stats saved to model.pt
2026-06-16 16:28:12 | INFO     | blancops.rl.trainer | 
Validation check at train step 2356 
 (val set)      entropy = 3.776 | logp_expert_action = -3.995 | action_margin = -2.037 | accuracy = 0.164 | filter_accuracy = 0.622 | unique_filters = 1.000 | bin_accuracy = 0.226 | ang_sep = 4.164 | unique_bins = 0.059 | bin_loss = 3.247 | filter_loss = 0.814 | val_loss = 3.995 
 (train batch)  entropy = 3.759 | logp_expert_action = -3.609 | action_margin = -1.602 | accuracy = 0.211 | filter_accuracy = 0.667 | unique_filters = 1.000 | bin_accuracy = 0.264 | ang_sep = 4.023 | unique_bins = 0.094 | bin_loss = 2.996 | filter_loss = 0.735 | train_loss = 3.609
2026-06-16 16:28:12 | INFO     | blancops.rl.trainer | Improved model at step 2356 (epoch 32): val_loss=3.995. Saving weights
2026-06-16 16:28:12 | INFO     | blancops.rl.checkpointer | Deployment model and norm stats saved to model.pt
2026-06-16 16:28:48 | INFO     | blancops.rl.trainer | 
Validation check at train step 2432 
 (val set)      entropy = 3.791 | logp_expert_action = -3.996 | action_margin = -2.038 | accuracy = 0.162 | filter_accuracy = 0.618 | unique_filters = 1.000 | bin_accuracy = 0.228 | ang_sep = 4.155 | unique_bins = 0.059 | bin_loss = 3.248 | filter_loss = 0.814 | val_loss = 3.996 
 (train batch)  entropy = 3.744 | logp_expert_action = -3.674 | action_margin = -1.648 | accuracy = 0.222 | filter_accuracy = 0.690 | unique_filters = 1.000 | bin_accuracy = 0.278 | ang_sep = 4.511 | unique_bins = 0.095 | bin_loss = 3.069 | filter_loss = 0.722 | train_loss = 3.673
2026-06-16 16:29:25 | INFO     | blancops.rl.trainer | 
Validation check at train step 2508 
 (val set)      entropy = 3.792 | logp_expert_action = -3.997 | action_margin = -2.042 | accuracy = 0.164 | filter_accuracy = 0.622 | unique_filters = 1.000 | bin_accuracy = 0.228 | ang_sep = 4.159 | unique_bins = 0.059 | bin_loss = 3.249 | filter_loss = 0.814 | val_loss = 3.997 
 (train batch)  entropy = 3.754 | logp_expert_action = -3.687 | action_margin = -1.695 | accuracy = 0.194 | filter_accuracy = 0.666 | unique_filters = 1.000 | bin_accuracy = 0.257 | ang_sep = 4.258 | unique_bins = 0.098 | bin_loss = 3.105 | filter_loss = 0.707 | train_loss = 3.687
2026-06-16 16:30:01 | INFO     | blancops.rl.trainer | 
Validation check at train step 2584 
 (val set)      entropy = 3.788 | logp_expert_action = -3.996 | action_margin = -2.043 | accuracy = 0.163 | filter_accuracy = 0.622 | unique_filters = 1.000 | bin_accuracy = 0.226 | ang_sep = 4.166 | unique_bins = 0.059 | bin_loss = 3.248 | filter_loss = 0.814 | val_loss = 3.996 
 (train batch)  entropy = 3.717 | logp_expert_action = -3.569 | action_margin = -1.578 | accuracy = 0.232 | filter_accuracy = 0.688 | unique_filters = 1.000 | bin_accuracy = 0.288 | ang_sep = 4.147 | unique_bins = 0.096 | bin_loss = 2.982 | filter_loss = 0.706 | train_loss = 3.569
2026-06-16 16:30:38 | INFO     | blancops.rl.trainer | 
Validation check at train step 2660 
 (val set)      entropy = 3.763 | logp_expert_action = -3.996 | action_margin = -2.038 | accuracy = 0.164 | filter_accuracy = 0.621 | unique_filters = 1.000 | bin_accuracy = 0.226 | ang_sep = 4.173 | unique_bins = 0.059 | bin_loss = 3.247 | filter_loss = 0.815 | val_loss = 3.996 
 (train batch)  entropy = 3.741 | logp_expert_action = -3.694 | action_margin = -1.695 | accuracy = 0.211 | filter_accuracy = 0.679 | unique_filters = 1.000 | bin_accuracy = 0.261 | ang_sep = 4.010 | unique_bins = 0.095 | bin_loss = 3.070 | filter_loss = 0.731 | train_loss = 3.694
2026-06-16 16:31:15 | INFO     | blancops.rl.trainer | 
Validation check at train step 2736 
 (val set)      entropy = 3.810 | logp_expert_action = -3.998 | action_margin = -2.036 | accuracy = 0.163 | filter_accuracy = 0.624 | unique_filters = 1.000 | bin_accuracy = 0.225 | ang_sep = 4.174 | unique_bins = 0.059 | bin_loss = 3.249 | filter_loss = 0.813 | val_loss = 3.998 
 (train batch)  entropy = 3.791 | logp_expert_action = -3.667 | action_margin = -1.648 | accuracy = 0.219 | filter_accuracy = 0.684 | unique_filters = 1.000 | bin_accuracy = 0.280 | ang_sep = 4.342 | unique_bins = 0.096 | bin_loss = 3.061 | filter_loss = 0.703 | train_loss = 3.667
2026-06-16 16:31:52 | INFO     | blancops.rl.trainer | 
Validation check at train step 2812 
 (val set)      entropy = 3.789 | logp_expert_action = -3.998 | action_margin = -2.043 | accuracy = 0.163 | filter_accuracy = 0.622 | unique_filters = 1.000 | bin_accuracy = 0.226 | ang_sep = 4.165 | unique_bins = 0.059 | bin_loss = 3.250 | filter_loss = 0.813 | val_loss = 3.998 
 (train batch)  entropy = 3.752 | logp_expert_action = -3.779 | action_margin = -1.797 | accuracy = 0.189 | filter_accuracy = 0.647 | unique_filters = 1.000 | bin_accuracy = 0.266 | ang_sep = 4.221 | unique_bins = 0.095 | bin_loss = 3.134 | filter_loss = 0.737 | train_loss = 3.779
2026-06-16 16:32:28 | INFO     | blancops.rl.trainer | 
Validation check at train step 2888 
 (val set)      entropy = 3.774 | logp_expert_action = -3.996 | action_margin = -2.041 | accuracy = 0.163 | filter_accuracy = 0.622 | unique_filters = 1.000 | bin_accuracy = 0.226 | ang_sep = 4.171 | unique_bins = 0.060 | bin_loss = 3.248 | filter_loss = 0.813 | val_loss = 3.996 
 (train batch)  entropy = 3.760 | logp_expert_action = -3.776 | action_margin = -1.820 | accuracy = 0.168 | filter_accuracy = 0.635 | unique_filters = 1.000 | bin_accuracy = 0.228 | ang_sep = 4.311 | unique_bins = 0.095 | bin_loss = 3.102 | filter_loss = 0.785 | train_loss = 3.776
2026-06-16 16:33:04 | INFO     | blancops.rl.trainer | 
Validation check at train step 2964 
 (val set)      entropy = 3.820 | logp_expert_action = -3.994 | action_margin = -2.033 | accuracy = 0.162 | filter_accuracy = 0.623 | unique_filters = 1.000 | bin_accuracy = 0.225 | ang_sep = 4.170 | unique_bins = 0.059 | bin_loss = 3.247 | filter_loss = 0.813 | val_loss = 3.994 
 (train batch)  entropy = 3.830 | logp_expert_action = -3.632 | action_margin = -1.594 | accuracy = 0.205 | filter_accuracy = 0.650 | unique_filters = 1.000 | bin_accuracy = 0.266 | ang_sep = 3.924 | unique_bins = 0.093 | bin_loss = 3.009 | filter_loss = 0.753 | train_loss = 3.633
2026-06-16 16:33:04 | INFO     | blancops.rl.trainer | Improved model at step 2964 (epoch 40): val_loss=3.994. Saving weights
2026-06-16 16:33:04 | INFO     | blancops.rl.checkpointer | Deployment model and norm stats saved to model.pt
2026-06-16 16:33:41 | INFO     | blancops.rl.trainer | 
Validation check at train step 3040 
 (val set)      entropy = 3.759 | logp_expert_action = -3.997 | action_margin = -2.042 | accuracy = 0.164 | filter_accuracy = 0.624 | unique_filters = 1.000 | bin_accuracy = 0.225 | ang_sep = 4.174 | unique_bins = 0.059 | bin_loss = 3.248 | filter_loss = 0.815 | val_loss = 3.998 
 (train batch)  entropy = 3.711 | logp_expert_action = -3.687 | action_margin = -1.711 | accuracy = 0.186 | filter_accuracy = 0.652 | unique_filters = 1.000 | bin_accuracy = 0.258 | ang_sep = 4.244 | unique_bins = 0.096 | bin_loss = 3.071 | filter_loss = 0.717 | train_loss = 3.688
2026-06-16 16:34:17 | INFO     | blancops.rl.trainer | 
Validation check at train step 3116 
 (val set)      entropy = 3.788 | logp_expert_action = -3.996 | action_margin = -2.039 | accuracy = 0.164 | filter_accuracy = 0.627 | unique_filters = 1.000 | bin_accuracy = 0.226 | ang_sep = 4.172 | unique_bins = 0.059 | bin_loss = 3.247 | filter_loss = 0.814 | val_loss = 3.996 
 (train batch)  entropy = 3.734 | logp_expert_action = -3.549 | action_margin = -1.539 | accuracy = 0.205 | filter_accuracy = 0.682 | unique_filters = 1.000 | bin_accuracy = 0.272 | ang_sep = 3.981 | unique_bins = 0.094 | bin_loss = 2.966 | filter_loss = 0.706 | train_loss = 3.549
2026-06-16 16:34:54 | INFO     | blancops.rl.trainer | 
Validation check at train step 3192 
 (val set)      entropy = 3.793 | logp_expert_action = -3.996 | action_margin = -2.041 | accuracy = 0.164 | filter_accuracy = 0.624 | unique_filters = 1.000 | bin_accuracy = 0.227 | ang_sep = 4.163 | unique_bins = 0.059 | bin_loss = 3.248 | filter_loss = 0.814 | val_loss = 3.996 
 (train batch)  entropy = 3.762 | logp_expert_action = -3.637 | action_margin = -1.625 | accuracy = 0.217 | filter_accuracy = 0.680 | unique_filters = 1.000 | bin_accuracy = 0.279 | ang_sep = 4.389 | unique_bins = 0.098 | bin_loss = 3.028 | filter_loss = 0.705 | train_loss = 3.637
2026-06-16 16:35:31 | INFO     | blancops.rl.trainer | 
Validation check at train step 3268 
 (val set)      entropy = 3.789 | logp_expert_action = -3.996 | action_margin = -2.041 | accuracy = 0.162 | filter_accuracy = 0.626 | unique_filters = 1.000 | bin_accuracy = 0.226 | ang_sep = 4.169 | unique_bins = 0.059 | bin_loss = 3.248 | filter_loss = 0.814 | val_loss = 3.996 
 (train batch)  entropy = 3.717 | logp_expert_action = -3.488 | action_margin = -1.484 | accuracy = 0.243 | filter_accuracy = 0.694 | unique_filters = 1.000 | bin_accuracy = 0.311 | ang_sep = 3.708 | unique_bins = 0.098 | bin_loss = 2.854 | filter_loss = 0.727 | train_loss = 3.488
2026-06-16 16:36:07 | INFO     | blancops.rl.trainer | 
Validation check at train step 3344 
 (val set)      entropy = 3.782 | logp_expert_action = -3.998 | action_margin = -2.053 | accuracy = 0.163 | filter_accuracy = 0.620 | unique_filters = 1.000 | bin_accuracy = 0.227 | ang_sep = 4.163 | unique_bins = 0.059 | bin_loss = 3.250 | filter_loss = 0.814 | val_loss = 3.998 
 (train batch)  entropy = 3.705 | logp_expert_action = -3.570 | action_margin = -1.586 | accuracy = 0.231 | filter_accuracy = 0.675 | unique_filters = 1.000 | bin_accuracy = 0.303 | ang_sep = 4.187 | unique_bins = 0.095 | bin_loss = 2.952 | filter_loss = 0.713 | train_loss = 3.570
2026-06-16 16:36:43 | INFO     | blancops.rl.trainer | 
Validation check at train step 3420 
 (val set)      entropy = 3.769 | logp_expert_action = -3.998 | action_margin = -2.049 | accuracy = 0.166 | filter_accuracy = 0.622 | unique_filters = 1.000 | bin_accuracy = 0.228 | ang_sep = 4.160 | unique_bins = 0.059 | bin_loss = 3.249 | filter_loss = 0.815 | val_loss = 3.997 
 (train batch)  entropy = 3.686 | logp_expert_action = -3.698 | action_margin = -1.719 | accuracy = 0.195 | filter_accuracy = 0.677 | unique_filters = 1.000 | bin_accuracy = 0.252 | ang_sep = 3.925 | unique_bins = 0.095 | bin_loss = 3.075 | filter_loss = 0.718 | train_loss = 3.697
2026-06-16 16:37:19 | INFO     | blancops.rl.trainer | 
Validation check at train step 3496 
 (val set)      entropy = 3.789 | logp_expert_action = -3.997 | action_margin = -2.047 | accuracy = 0.163 | filter_accuracy = 0.623 | unique_filters = 1.000 | bin_accuracy = 0.226 | ang_sep = 4.164 | unique_bins = 0.059 | bin_loss = 3.249 | filter_loss = 0.815 | val_loss = 3.997 
 (train batch)  entropy = 3.724 | logp_expert_action = -3.745 | action_margin = -1.781 | accuracy = 0.204 | filter_accuracy = 0.656 | unique_filters = 1.000 | bin_accuracy = 0.279 | ang_sep = 4.846 | unique_bins = 0.096 | bin_loss = 3.102 | filter_loss = 0.735 | train_loss = 3.746
2026-06-16 16:37:56 | INFO     | blancops.rl.trainer | 
Validation check at train step 3572 
 (val set)      entropy = 3.765 | logp_expert_action = -3.997 | action_margin = -2.051 | accuracy = 0.162 | filter_accuracy = 0.621 | unique_filters = 1.000 | bin_accuracy = 0.225 | ang_sep = 4.169 | unique_bins = 0.060 | bin_loss = 3.249 | filter_loss = 0.815 | val_loss = 3.997 
 (train batch)  entropy = 3.761 | logp_expert_action = -3.810 | action_margin = -1.805 | accuracy = 0.208 | filter_accuracy = 0.671 | unique_filters = 1.000 | bin_accuracy = 0.271 | ang_sep = 4.695 | unique_bins = 0.096 | bin_loss = 3.170 | filter_loss = 0.729 | train_loss = 3.810
2026-06-16 16:38:32 | INFO     | blancops.rl.trainer | 
Validation check at train step 3648 
 (val set)      entropy = 3.761 | logp_expert_action = -3.995 | action_margin = -2.045 | accuracy = 0.165 | filter_accuracy = 0.621 | unique_filters = 1.000 | bin_accuracy = 0.226 | ang_sep = 4.177 | unique_bins = 0.059 | bin_loss = 3.247 | filter_loss = 0.815 | val_loss = 3.995 
 (train batch)  entropy = 3.689 | logp_expert_action = -3.578 | action_margin = -1.594 | accuracy = 0.236 | filter_accuracy = 0.709 | unique_filters = 1.000 | bin_accuracy = 0.279 | ang_sep = 4.100 | unique_bins = 0.099 | bin_loss = 3.001 | filter_loss = 0.707 | train_loss = 3.579
2026-06-16 16:39:08 | INFO     | blancops.rl.trainer | 
Validation check at train step 3724 
 (val set)      entropy = 3.770 | logp_expert_action = -3.997 | action_margin = -2.045 | accuracy = 0.163 | filter_accuracy = 0.621 | unique_filters = 1.000 | bin_accuracy = 0.225 | ang_sep = 4.168 | unique_bins = 0.059 | bin_loss = 3.248 | filter_loss = 0.816 | val_loss = 3.997 
 (train batch)  entropy = 3.748 | logp_expert_action = -3.655 | action_margin = -1.641 | accuracy = 0.196 | filter_accuracy = 0.689 | unique_filters = 1.000 | bin_accuracy = 0.263 | ang_sep = 4.251 | unique_bins = 0.096 | bin_loss = 3.042 | filter_loss = 0.728 | train_loss = 3.656
2026-06-16 16:39:38 | INFO     | blancops.rl.trainer | Best val_loss=3.994 at epoch 40
2026-06-16 16:39:40 | INFO     | blancops | Total train time = 1833.8s on cuda
2026-06-16 16:39:40 | INFO     | blancops | Training complete.
2026-06-16 16:39:40 | INFO     | blancops | Results saved in /work/hdd/bgpy/rhur/blancops/experiments/bc/max_feature_set/run_20260616_155036
2026-06-16 16:39:40 | INFO     | blancops | Plotting metrics…
2026-06-16 16:39:41 | INFO     | blancops | Peak GPU memory: 32.88 GB
