2026-06-13 21:18:59 | INFO     | blancops | Loading feature cache from /work/nvme/bgpy/rhur/blancops/data/train/des/feature_cache_nside16_azel
2026-06-13 21:18:59 | INFO     | blancops.data.feature_cache | Loading RawFeatureCache metadata from /work/nvme/bgpy/rhur/blancops/data/train/des/feature_cache_nside16_azel
2026-06-13 21:18:59 | INFO     | blancops.data.feature_cache | Loading RawFeatureCache bin_features from /work/nvme/bgpy/rhur/blancops/data/train/des/feature_cache_nside16_azel
2026-06-13 21:18:59 | INFO     | blancops.data.feature_cache | Loading RawFeatureCache transitions from /work/nvme/bgpy/rhur/blancops/data/train/des/feature_cache_nside16_azel
2026-06-13 21:18:59 | INFO     | blancops.data.feature_cache | Filtering cache to 689 nights (2013-01-01 to 2019-01-31)
2026-06-13 21:18:59 | INFO     | blancops.data.feature_cache | Removing 1719 date range transitions with time diff > 5 min. Total date range transitions: 86976
2026-06-13 21:23:31 | INFO     | blancops.data.dataset | Normalization stats saved to /work/hdd/bgpy/rhur/blancops/experiments/bc/max_feature_set/run_20260613_211858/checkpoints/normalization_stats.json
2026-06-13 21:23:31 | INFO     | blancops | Train dataset: 689 nights, 86976 transitions
2026-06-13 21:23:31 | INFO     | blancops.data.feature_cache | Removing 1537 Train transitions with time diff > 5 min. Total Train transitions: 78559
2026-06-13 21:23:31 | INFO     | blancops.data.feature_cache | Removing 182 Val transitions with time diff > 5 min. Total Val transitions: 8417
2026-06-13 21:23:58 | INFO     | blancops.data.feature_cache | ValDatasetCache saved to /work/hdd/bgpy/rhur/blancops/experiments/bc/max_feature_set/run_20260613_211858/checkpoints/val_dataset_cache.pt
2026-06-13 21:23:58 | INFO     | blancops | Val dataset cache saved to /work/hdd/bgpy/rhur/blancops/experiments/bc/max_feature_set/run_20260613_211858/checkpoints/val_dataset_cache.pt
2026-06-13 21:23:58 | INFO     | blancops | Released feature cache from memory.
2026-06-13 21:24:56 | INFO     | blancops | Starting training…
2026-06-13 21:24:58 | INFO     | blancops.rl.trainer | 
Validation check at train step 0 
 (val set)      entropy = 8.897 | logp_expert_action = -8.673 | action_margin = -0.548 | accuracy = 0.003 | filter_accuracy = 0.293 | unique_filters = 0.844 | bin_accuracy = 0.007 | ang_sep = 29.473 | unique_bins = 0.139 | bin_loss = 7.110 | filter_loss = 1.561 | val_loss = 8.672 
 (train batch)  entropy = 8.878 | logp_expert_action = -9.029 | action_margin = -0.852 | accuracy = 0.003 | filter_accuracy = 0.274 | unique_filters = 0.800 | bin_accuracy = 0.007 | ang_sep = 33.454 | unique_bins = 0.309 | bin_loss = 7.330 | filter_loss = 1.637 | train_loss = 9.030
2026-06-13 21:24:58 | INFO     | blancops.rl.trainer | Improved model at step 0 (epoch 1): val_loss=8.672. Saving weights
2026-06-13 21:24:58 | INFO     | blancops.rl.checkpointer | Deployment model and norm stats saved to model.pt
2026-06-13 21:25:06 | INFO     | blancops.rl.trainer | 
Validation check at train step 76 
 (val set)      entropy = 5.641 | logp_expert_action = -3.894 | action_margin = -1.474 | accuracy = 0.185 | filter_accuracy = 0.525 | unique_filters = 1.000 | bin_accuracy = 0.360 | ang_sep = 4.555 | unique_bins = 0.114 | bin_loss = 2.837 | filter_loss = 1.154 | val_loss = 3.894 
 (train batch)  entropy = 5.715 | logp_expert_action = -3.805 | action_margin = -1.422 | accuracy = 0.181 | filter_accuracy = 0.543 | unique_filters = 1.000 | bin_accuracy = 0.350 | ang_sep = 4.643 | unique_bins = 0.189 | bin_loss = 2.795 | filter_loss = 1.125 | train_loss = 3.805
2026-06-13 21:25:06 | INFO     | blancops.rl.trainer | Improved model at step 76 (epoch 2): val_loss=3.894. Saving weights
2026-06-13 21:25:06 | INFO     | blancops.rl.checkpointer | Deployment model and norm stats saved to model.pt
2026-06-13 21:25:15 | INFO     | blancops.rl.trainer | 
Validation check at train step 152 
 (val set)      entropy = 4.562 | logp_expert_action = -3.586 | action_margin = -1.579 | accuracy = 0.208 | filter_accuracy = 0.548 | unique_filters = 1.000 | bin_accuracy = 0.383 | ang_sep = 4.409 | unique_bins = 0.112 | bin_loss = 2.571 | filter_loss = 1.063 | val_loss = 3.585 
 (train batch)  entropy = 4.752 | logp_expert_action = -3.601 | action_margin = -1.602 | accuracy = 0.212 | filter_accuracy = 0.586 | unique_filters = 1.000 | bin_accuracy = 0.376 | ang_sep = 4.996 | unique_bins = 0.191 | bin_loss = 2.649 | filter_loss = 1.007 | train_loss = 3.601
2026-06-13 21:25:15 | INFO     | blancops.rl.trainer | Improved model at step 152 (epoch 3): val_loss=3.585. Saving weights
2026-06-13 21:25:15 | INFO     | blancops.rl.checkpointer | Deployment model and norm stats saved to model.pt
2026-06-13 21:25:23 | INFO     | blancops.rl.trainer | 
Validation check at train step 228 
 (val set)      entropy = 4.069 | logp_expert_action = -3.453 | action_margin = -1.623 | accuracy = 0.216 | filter_accuracy = 0.557 | unique_filters = 1.000 | bin_accuracy = 0.383 | ang_sep = 4.390 | unique_bins = 0.113 | bin_loss = 2.468 | filter_loss = 1.016 | val_loss = 3.453 
 (train batch)  entropy = 4.142 | logp_expert_action = -3.454 | action_margin = -1.609 | accuracy = 0.212 | filter_accuracy = 0.569 | unique_filters = 1.000 | bin_accuracy = 0.367 | ang_sep = 4.618 | unique_bins = 0.200 | bin_loss = 2.512 | filter_loss = 0.981 | train_loss = 3.454
2026-06-13 21:25:23 | INFO     | blancops.rl.trainer | Improved model at step 228 (epoch 4): val_loss=3.453. Saving weights
2026-06-13 21:25:23 | INFO     | blancops.rl.checkpointer | Deployment model and norm stats saved to model.pt
2026-06-13 21:25:30 | INFO     | blancops.rl.trainer | 
Validation check at train step 304 
 (val set)      entropy = 3.304 | logp_expert_action = -3.345 | action_margin = -1.669 | accuracy = 0.215 | filter_accuracy = 0.560 | unique_filters = 1.000 | bin_accuracy = 0.379 | ang_sep = 4.431 | unique_bins = 0.112 | bin_loss = 2.390 | filter_loss = 0.978 | val_loss = 3.345 
 (train batch)  entropy = 3.517 | logp_expert_action = -3.091 | action_margin = -1.352 | accuracy = 0.247 | filter_accuracy = 0.578 | unique_filters = 1.000 | bin_accuracy = 0.428 | ang_sep = 4.223 | unique_bins = 0.189 | bin_loss = 2.201 | filter_loss = 0.918 | train_loss = 3.091
2026-06-13 21:25:30 | INFO     | blancops.rl.trainer | Improved model at step 304 (epoch 5): val_loss=3.345. Saving weights
2026-06-13 21:25:30 | INFO     | blancops.rl.checkpointer | Deployment model and norm stats saved to model.pt
2026-06-13 21:25:39 | INFO     | blancops.rl.trainer | 
Validation check at train step 380 
 (val set)      entropy = 3.462 | logp_expert_action = -3.238 | action_margin = -1.557 | accuracy = 0.236 | filter_accuracy = 0.594 | unique_filters = 1.000 | bin_accuracy = 0.390 | ang_sep = 4.348 | unique_bins = 0.113 | bin_loss = 2.353 | filter_loss = 0.914 | val_loss = 3.238 
 (train batch)  entropy = 3.514 | logp_expert_action = -3.088 | action_margin = -1.406 | accuracy = 0.248 | filter_accuracy = 0.612 | unique_filters = 1.000 | bin_accuracy = 0.410 | ang_sep = 4.258 | unique_bins = 0.190 | bin_loss = 2.270 | filter_loss = 0.862 | train_loss = 3.088
2026-06-13 21:25:39 | INFO     | blancops.rl.trainer | Improved model at step 380 (epoch 6): val_loss=3.238. Saving weights
2026-06-13 21:25:39 | INFO     | blancops.rl.checkpointer | Deployment model and norm stats saved to model.pt
2026-06-13 21:25:47 | INFO     | blancops.rl.trainer | 
Validation check at train step 456 
 (val set)      entropy = 3.255 | logp_expert_action = -3.235 | action_margin = -1.602 | accuracy = 0.236 | filter_accuracy = 0.587 | unique_filters = 1.000 | bin_accuracy = 0.393 | ang_sep = 4.370 | unique_bins = 0.112 | bin_loss = 2.354 | filter_loss = 0.910 | val_loss = 3.235 
 (train batch)  entropy = 3.259 | logp_expert_action = -3.161 | action_margin = -1.516 | accuracy = 0.244 | filter_accuracy = 0.618 | unique_filters = 1.000 | bin_accuracy = 0.395 | ang_sep = 4.620 | unique_bins = 0.187 | bin_loss = 2.360 | filter_loss = 0.839 | train_loss = 3.161
2026-06-13 21:25:47 | INFO     | blancops.rl.trainer | Improved model at step 456 (epoch 7): val_loss=3.235. Saving weights
2026-06-13 21:25:47 | INFO     | blancops.rl.checkpointer | Deployment model and norm stats saved to model.pt
2026-06-13 21:25:55 | INFO     | blancops.rl.trainer | 
Validation check at train step 532 
 (val set)      entropy = 3.146 | logp_expert_action = -3.202 | action_margin = -1.596 | accuracy = 0.236 | filter_accuracy = 0.598 | unique_filters = 1.000 | bin_accuracy = 0.392 | ang_sep = 4.398 | unique_bins = 0.112 | bin_loss = 2.327 | filter_loss = 0.907 | val_loss = 3.202 
 (train batch)  entropy = 3.101 | logp_expert_action = -3.005 | action_margin = -1.406 | accuracy = 0.249 | filter_accuracy = 0.607 | unique_filters = 1.000 | bin_accuracy = 0.424 | ang_sep = 4.366 | unique_bins = 0.189 | bin_loss = 2.172 | filter_loss = 0.868 | train_loss = 3.005
2026-06-13 21:25:55 | INFO     | blancops.rl.trainer | Improved model at step 532 (epoch 8): val_loss=3.202. Saving weights
2026-06-13 21:25:55 | INFO     | blancops.rl.checkpointer | Deployment model and norm stats saved to model.pt
2026-06-13 21:26:02 | INFO     | blancops.rl.trainer | 
Validation check at train step 608 
 (val set)      entropy = 2.983 | logp_expert_action = -3.162 | action_margin = -1.530 | accuracy = 0.241 | filter_accuracy = 0.597 | unique_filters = 1.000 | bin_accuracy = 0.392 | ang_sep = 4.376 | unique_bins = 0.112 | bin_loss = 2.311 | filter_loss = 0.883 | val_loss = 3.162 
 (train batch)  entropy = 3.283 | logp_expert_action = -3.068 | action_margin = -1.406 | accuracy = 0.247 | filter_accuracy = 0.591 | unique_filters = 1.000 | bin_accuracy = 0.416 | ang_sep = 4.445 | unique_bins = 0.191 | bin_loss = 2.247 | filter_loss = 0.877 | train_loss = 3.068
2026-06-13 21:26:02 | INFO     | blancops.rl.trainer | Improved model at step 608 (epoch 9): val_loss=3.162. Saving weights
2026-06-13 21:26:02 | INFO     | blancops.rl.checkpointer | Deployment model and norm stats saved to model.pt
2026-06-13 21:26:10 | INFO     | blancops.rl.trainer | 
Validation check at train step 684 
 (val set)      entropy = 3.218 | logp_expert_action = -3.136 | action_margin = -1.523 | accuracy = 0.245 | filter_accuracy = 0.616 | unique_filters = 1.000 | bin_accuracy = 0.392 | ang_sep = 4.379 | unique_bins = 0.112 | bin_loss = 2.307 | filter_loss = 0.864 | val_loss = 3.136 
 (train batch)  entropy = 3.000 | logp_expert_action = -2.959 | action_margin = -1.375 | accuracy = 0.279 | filter_accuracy = 0.659 | unique_filters = 1.000 | bin_accuracy = 0.421 | ang_sep = 4.230 | unique_bins = 0.196 | bin_loss = 2.193 | filter_loss = 0.799 | train_loss = 2.959
2026-06-13 21:26:10 | INFO     | blancops.rl.trainer | Improved model at step 684 (epoch 10): val_loss=3.136. Saving weights
2026-06-13 21:26:10 | INFO     | blancops.rl.checkpointer | Deployment model and norm stats saved to model.pt
2026-06-13 21:26:18 | INFO     | blancops.rl.trainer | 
Validation check at train step 760 
 (val set)      entropy = 3.541 | logp_expert_action = -3.151 | action_margin = -1.427 | accuracy = 0.243 | filter_accuracy = 0.618 | unique_filters = 1.000 | bin_accuracy = 0.392 | ang_sep = 4.369 | unique_bins = 0.111 | bin_loss = 2.331 | filter_loss = 0.861 | val_loss = 3.151 
 (train batch)  entropy = 2.811 | logp_expert_action = -2.900 | action_margin = -1.328 | accuracy = 0.269 | filter_accuracy = 0.651 | unique_filters = 1.000 | bin_accuracy = 0.403 | ang_sep = 4.118 | unique_bins = 0.180 | bin_loss = 2.183 | filter_loss = 0.771 | train_loss = 2.899
2026-06-13 21:26:26 | INFO     | blancops.rl.trainer | 
Validation check at train step 836 
 (val set)      entropy = 3.085 | logp_expert_action = -3.119 | action_margin = -1.508 | accuracy = 0.239 | filter_accuracy = 0.598 | unique_filters = 1.000 | bin_accuracy = 0.384 | ang_sep = 4.394 | unique_bins = 0.112 | bin_loss = 2.282 | filter_loss = 0.880 | val_loss = 3.119 
 (train batch)  entropy = 3.027 | logp_expert_action = -2.896 | action_margin = -1.266 | accuracy = 0.265 | filter_accuracy = 0.619 | unique_filters = 1.000 | bin_accuracy = 0.411 | ang_sep = 4.459 | unique_bins = 0.187 | bin_loss = 2.142 | filter_loss = 0.806 | train_loss = 2.896
2026-06-13 21:26:26 | INFO     | blancops.rl.trainer | Improved model at step 836 (epoch 12): val_loss=3.119. Saving weights
2026-06-13 21:26:26 | INFO     | blancops.rl.checkpointer | Deployment model and norm stats saved to model.pt
2026-06-13 21:26:34 | INFO     | blancops.rl.trainer | 
Validation check at train step 912 
 (val set)      entropy = 2.845 | logp_expert_action = -3.085 | action_margin = -1.526 | accuracy = 0.244 | filter_accuracy = 0.610 | unique_filters = 1.000 | bin_accuracy = 0.387 | ang_sep = 4.376 | unique_bins = 0.111 | bin_loss = 2.273 | filter_loss = 0.853 | val_loss = 3.085 
 (train batch)  entropy = 3.011 | logp_expert_action = -2.919 | action_margin = -1.344 | accuracy = 0.269 | filter_accuracy = 0.661 | unique_filters = 1.000 | bin_accuracy = 0.404 | ang_sep = 4.199 | unique_bins = 0.192 | bin_loss = 2.209 | filter_loss = 0.781 | train_loss = 2.919
2026-06-13 21:26:34 | INFO     | blancops.rl.trainer | Improved model at step 912 (epoch 13): val_loss=3.085. Saving weights
2026-06-13 21:26:34 | INFO     | blancops.rl.checkpointer | Deployment model and norm stats saved to model.pt
2026-06-13 21:26:42 | INFO     | blancops.rl.trainer | 
Validation check at train step 988 
 (val set)      entropy = 2.757 | logp_expert_action = -3.089 | action_margin = -1.570 | accuracy = 0.244 | filter_accuracy = 0.616 | unique_filters = 1.000 | bin_accuracy = 0.388 | ang_sep = 4.347 | unique_bins = 0.111 | bin_loss = 2.275 | filter_loss = 0.855 | val_loss = 3.089 
 (train batch)  entropy = 2.722 | logp_expert_action = -2.987 | action_margin = -1.508 | accuracy = 0.251 | filter_accuracy = 0.641 | unique_filters = 1.000 | bin_accuracy = 0.386 | ang_sep = 4.592 | unique_bins = 0.187 | bin_loss = 2.227 | filter_loss = 0.810 | train_loss = 2.986
2026-06-13 21:26:50 | INFO     | blancops.rl.trainer | 
Validation check at train step 1064 
 (val set)      entropy = 3.062 | logp_expert_action = -3.063 | action_margin = -1.496 | accuracy = 0.249 | filter_accuracy = 0.628 | unique_filters = 1.000 | bin_accuracy = 0.392 | ang_sep = 4.332 | unique_bins = 0.112 | bin_loss = 2.257 | filter_loss = 0.846 | val_loss = 3.062 
 (train batch)  entropy = 2.810 | logp_expert_action = -2.950 | action_margin = -1.422 | accuracy = 0.288 | filter_accuracy = 0.647 | unique_filters = 1.000 | bin_accuracy = 0.407 | ang_sep = 4.580 | unique_bins = 0.186 | bin_loss = 2.218 | filter_loss = 0.797 | train_loss = 2.950
2026-06-13 21:26:50 | INFO     | blancops.rl.trainer | Improved model at step 1064 (epoch 15): val_loss=3.062. Saving weights
2026-06-13 21:26:50 | INFO     | blancops.rl.checkpointer | Deployment model and norm stats saved to model.pt
2026-06-13 21:26:58 | INFO     | blancops.rl.trainer | 
Validation check at train step 1140 
 (val set)      entropy = 3.195 | logp_expert_action = -3.105 | action_margin = -1.512 | accuracy = 0.240 | filter_accuracy = 0.617 | unique_filters = 1.000 | bin_accuracy = 0.392 | ang_sep = 4.358 | unique_bins = 0.110 | bin_loss = 2.292 | filter_loss = 0.859 | val_loss = 3.105 
 (train batch)  entropy = 2.828 | logp_expert_action = -2.975 | action_margin = -1.422 | accuracy = 0.281 | filter_accuracy = 0.648 | unique_filters = 1.000 | bin_accuracy = 0.392 | ang_sep = 4.951 | unique_bins = 0.188 | bin_loss = 2.256 | filter_loss = 0.791 | train_loss = 2.975
2026-06-13 21:27:06 | INFO     | blancops.rl.trainer | 
Validation check at train step 1216 
 (val set)      entropy = 2.995 | logp_expert_action = -3.071 | action_margin = -1.552 | accuracy = 0.248 | filter_accuracy = 0.622 | unique_filters = 1.000 | bin_accuracy = 0.395 | ang_sep = 4.312 | unique_bins = 0.110 | bin_loss = 2.267 | filter_loss = 0.844 | val_loss = 3.071 
 (train batch)  entropy = 3.016 | logp_expert_action = -2.855 | action_margin = -1.297 | accuracy = 0.280 | filter_accuracy = 0.638 | unique_filters = 1.000 | bin_accuracy = 0.423 | ang_sep = 4.519 | unique_bins = 0.199 | bin_loss = 2.140 | filter_loss = 0.775 | train_loss = 2.855
2026-06-13 21:27:14 | INFO     | blancops.rl.trainer | 
Validation check at train step 1292 
 (val set)      entropy = 3.071 | logp_expert_action = -3.050 | action_margin = -1.440 | accuracy = 0.245 | filter_accuracy = 0.621 | unique_filters = 1.000 | bin_accuracy = 0.387 | ang_sep = 4.345 | unique_bins = 0.111 | bin_loss = 2.259 | filter_loss = 0.837 | val_loss = 3.050 
 (train batch)  entropy = 2.864 | logp_expert_action = -2.864 | action_margin = -1.289 | accuracy = 0.274 | filter_accuracy = 0.643 | unique_filters = 1.000 | bin_accuracy = 0.405 | ang_sep = 4.277 | unique_bins = 0.190 | bin_loss = 2.156 | filter_loss = 0.777 | train_loss = 2.864
2026-06-13 21:27:14 | INFO     | blancops.rl.trainer | Improved model at step 1292 (epoch 18): val_loss=3.050. Saving weights
2026-06-13 21:27:14 | INFO     | blancops.rl.checkpointer | Deployment model and norm stats saved to model.pt
2026-06-13 21:27:22 | INFO     | blancops.rl.trainer | 
Validation check at train step 1368 
 (val set)      entropy = 2.938 | logp_expert_action = -3.023 | action_margin = -1.492 | accuracy = 0.254 | filter_accuracy = 0.635 | unique_filters = 1.000 | bin_accuracy = 0.391 | ang_sep = 4.366 | unique_bins = 0.112 | bin_loss = 2.243 | filter_loss = 0.821 | val_loss = 3.023 
 (train batch)  entropy = 2.936 | logp_expert_action = -2.811 | action_margin = -1.227 | accuracy = 0.281 | filter_accuracy = 0.653 | unique_filters = 1.000 | bin_accuracy = 0.414 | ang_sep = 4.520 | unique_bins = 0.193 | bin_loss = 2.124 | filter_loss = 0.755 | train_loss = 2.811
2026-06-13 21:27:22 | INFO     | blancops.rl.trainer | Improved model at step 1368 (epoch 19): val_loss=3.023. Saving weights
2026-06-13 21:27:22 | INFO     | blancops.rl.checkpointer | Deployment model and norm stats saved to model.pt
2026-06-13 21:27:30 | INFO     | blancops.rl.trainer | 
Validation check at train step 1444 
 (val set)      entropy = 2.704 | logp_expert_action = -3.007 | action_margin = -1.526 | accuracy = 0.260 | filter_accuracy = 0.628 | unique_filters = 1.000 | bin_accuracy = 0.399 | ang_sep = 4.307 | unique_bins = 0.111 | bin_loss = 2.233 | filter_loss = 0.815 | val_loss = 3.007 
 (train batch)  entropy = 2.883 | logp_expert_action = -2.815 | action_margin = -1.258 | accuracy = 0.297 | filter_accuracy = 0.639 | unique_filters = 1.000 | bin_accuracy = 0.436 | ang_sep = 4.571 | unique_bins = 0.195 | bin_loss = 2.130 | filter_loss = 0.758 | train_loss = 2.816
2026-06-13 21:27:30 | INFO     | blancops.rl.trainer | Improved model at step 1444 (epoch 20): val_loss=3.007. Saving weights
2026-06-13 21:27:30 | INFO     | blancops.rl.checkpointer | Deployment model and norm stats saved to model.pt
2026-06-13 21:27:38 | INFO     | blancops.rl.trainer | 
Validation check at train step 1520 
 (val set)      entropy = 3.056 | logp_expert_action = -3.046 | action_margin = -1.477 | accuracy = 0.249 | filter_accuracy = 0.613 | unique_filters = 1.000 | bin_accuracy = 0.387 | ang_sep = 4.381 | unique_bins = 0.110 | bin_loss = 2.260 | filter_loss = 0.833 | val_loss = 3.046 
 (train batch)  entropy = 2.963 | logp_expert_action = -2.711 | action_margin = -1.109 | accuracy = 0.327 | filter_accuracy = 0.668 | unique_filters = 1.000 | bin_accuracy = 0.442 | ang_sep = 4.108 | unique_bins = 0.195 | bin_loss = 2.027 | filter_loss = 0.753 | train_loss = 2.711
2026-06-13 21:27:46 | INFO     | blancops.rl.trainer | 
Validation check at train step 1596 
 (val set)      entropy = 2.841 | logp_expert_action = -3.011 | action_margin = -1.468 | accuracy = 0.254 | filter_accuracy = 0.619 | unique_filters = 1.000 | bin_accuracy = 0.390 | ang_sep = 4.373 | unique_bins = 0.112 | bin_loss = 2.227 | filter_loss = 0.823 | val_loss = 3.011 
 (train batch)  entropy = 2.873 | logp_expert_action = -2.831 | action_margin = -1.281 | accuracy = 0.275 | filter_accuracy = 0.664 | unique_filters = 1.000 | bin_accuracy = 0.406 | ang_sep = 4.785 | unique_bins = 0.195 | bin_loss = 2.146 | filter_loss = 0.748 | train_loss = 2.832
2026-06-13 21:27:54 | INFO     | blancops.rl.trainer | 
Validation check at train step 1672 
 (val set)      entropy = 2.812 | logp_expert_action = -3.013 | action_margin = -1.516 | accuracy = 0.256 | filter_accuracy = 0.624 | unique_filters = 1.000 | bin_accuracy = 0.394 | ang_sep = 4.335 | unique_bins = 0.111 | bin_loss = 2.236 | filter_loss = 0.817 | val_loss = 3.013 
 (train batch)  entropy = 2.700 | logp_expert_action = -2.746 | action_margin = -1.242 | accuracy = 0.312 | filter_accuracy = 0.648 | unique_filters = 1.000 | bin_accuracy = 0.452 | ang_sep = 4.449 | unique_bins = 0.190 | bin_loss = 2.052 | filter_loss = 0.758 | train_loss = 2.745
2026-06-13 21:28:02 | INFO     | blancops.rl.trainer | 
Validation check at train step 1748 
 (val set)      entropy = 2.827 | logp_expert_action = -3.002 | action_margin = -1.490 | accuracy = 0.250 | filter_accuracy = 0.621 | unique_filters = 1.000 | bin_accuracy = 0.388 | ang_sep = 4.370 | unique_bins = 0.111 | bin_loss = 2.222 | filter_loss = 0.822 | val_loss = 3.002 
 (train batch)  entropy = 2.798 | logp_expert_action = -2.824 | action_margin = -1.250 | accuracy = 0.303 | filter_accuracy = 0.651 | unique_filters = 1.000 | bin_accuracy = 0.443 | ang_sep = 4.927 | unique_bins = 0.191 | bin_loss = 2.139 | filter_loss = 0.763 | train_loss = 2.824
2026-06-13 21:28:02 | INFO     | blancops.rl.trainer | Improved model at step 1748 (epoch 24): val_loss=3.002. Saving weights
2026-06-13 21:28:02 | INFO     | blancops.rl.checkpointer | Deployment model and norm stats saved to model.pt
2026-06-13 21:28:10 | INFO     | blancops.rl.trainer | 
Validation check at train step 1824 
 (val set)      entropy = 2.832 | logp_expert_action = -3.010 | action_margin = -1.476 | accuracy = 0.251 | filter_accuracy = 0.619 | unique_filters = 1.000 | bin_accuracy = 0.387 | ang_sep = 4.359 | unique_bins = 0.111 | bin_loss = 2.224 | filter_loss = 0.825 | val_loss = 3.010 
 (train batch)  entropy = 2.730 | logp_expert_action = -2.751 | action_margin = -1.227 | accuracy = 0.293 | filter_accuracy = 0.656 | unique_filters = 1.000 | bin_accuracy = 0.422 | ang_sep = 4.147 | unique_bins = 0.190 | bin_loss = 2.051 | filter_loss = 0.774 | train_loss = 2.751
2026-06-13 21:28:18 | INFO     | blancops.rl.trainer | 
Validation check at train step 1900 
 (val set)      entropy = 2.930 | logp_expert_action = -3.016 | action_margin = -1.480 | accuracy = 0.254 | filter_accuracy = 0.626 | unique_filters = 1.000 | bin_accuracy = 0.389 | ang_sep = 4.378 | unique_bins = 0.112 | bin_loss = 2.243 | filter_loss = 0.818 | val_loss = 3.016 
 (train batch)  entropy = 2.874 | logp_expert_action = -2.746 | action_margin = -1.203 | accuracy = 0.302 | filter_accuracy = 0.662 | unique_filters = 1.000 | bin_accuracy = 0.426 | ang_sep = 4.308 | unique_bins = 0.182 | bin_loss = 2.084 | filter_loss = 0.742 | train_loss = 2.746
2026-06-13 21:28:26 | INFO     | blancops.rl.trainer | 
Validation check at train step 1976 
 (val set)      entropy = 2.767 | logp_expert_action = -3.015 | action_margin = -1.530 | accuracy = 0.255 | filter_accuracy = 0.624 | unique_filters = 1.000 | bin_accuracy = 0.390 | ang_sep = 4.340 | unique_bins = 0.111 | bin_loss = 2.232 | filter_loss = 0.822 | val_loss = 3.015 
 (train batch)  entropy = 2.652 | logp_expert_action = -2.646 | action_margin = -1.133 | accuracy = 0.328 | filter_accuracy = 0.680 | unique_filters = 1.000 | bin_accuracy = 0.438 | ang_sep = 4.328 | unique_bins = 0.185 | bin_loss = 2.040 | filter_loss = 0.685 | train_loss = 2.646
2026-06-13 21:28:34 | INFO     | blancops.rl.trainer | 
Validation check at train step 2052 
 (val set)      entropy = 2.805 | logp_expert_action = -3.009 | action_margin = -1.510 | accuracy = 0.254 | filter_accuracy = 0.626 | unique_filters = 1.000 | bin_accuracy = 0.388 | ang_sep = 4.351 | unique_bins = 0.111 | bin_loss = 2.228 | filter_loss = 0.820 | val_loss = 3.009 
 (train batch)  entropy = 2.749 | logp_expert_action = -2.708 | action_margin = -1.172 | accuracy = 0.335 | filter_accuracy = 0.699 | unique_filters = 1.000 | bin_accuracy = 0.432 | ang_sep = 4.311 | unique_bins = 0.193 | bin_loss = 2.090 | filter_loss = 0.701 | train_loss = 2.708
2026-06-13 21:28:42 | INFO     | blancops.rl.trainer | 
Validation check at train step 2128 
 (val set)      entropy = 2.771 | logp_expert_action = -3.007 | action_margin = -1.516 | accuracy = 0.252 | filter_accuracy = 0.619 | unique_filters = 1.000 | bin_accuracy = 0.385 | ang_sep = 4.364 | unique_bins = 0.111 | bin_loss = 2.224 | filter_loss = 0.822 | val_loss = 3.007 
 (train batch)  entropy = 2.724 | logp_expert_action = -2.767 | action_margin = -1.234 | accuracy = 0.299 | filter_accuracy = 0.620 | unique_filters = 1.000 | bin_accuracy = 0.452 | ang_sep = 4.437 | unique_bins = 0.189 | bin_loss = 2.088 | filter_loss = 0.756 | train_loss = 2.767
2026-06-13 21:28:50 | INFO     | blancops.rl.trainer | 
Validation check at train step 2204 
 (val set)      entropy = 2.798 | logp_expert_action = -3.010 | action_margin = -1.513 | accuracy = 0.253 | filter_accuracy = 0.624 | unique_filters = 1.000 | bin_accuracy = 0.385 | ang_sep = 4.361 | unique_bins = 0.111 | bin_loss = 2.229 | filter_loss = 0.820 | val_loss = 3.010 
 (train batch)  entropy = 2.716 | logp_expert_action = -2.782 | action_margin = -1.266 | accuracy = 0.314 | filter_accuracy = 0.667 | unique_filters = 1.000 | bin_accuracy = 0.429 | ang_sep = 4.317 | unique_bins = 0.193 | bin_loss = 2.116 | filter_loss = 0.747 | train_loss = 2.782
2026-06-13 21:28:58 | INFO     | blancops.rl.trainer | 
Validation check at train step 2280 
 (val set)      entropy = 2.786 | logp_expert_action = -3.006 | action_margin = -1.510 | accuracy = 0.254 | filter_accuracy = 0.624 | unique_filters = 1.000 | bin_accuracy = 0.386 | ang_sep = 4.365 | unique_bins = 0.111 | bin_loss = 2.227 | filter_loss = 0.818 | val_loss = 3.006 
 (train batch)  entropy = 2.706 | logp_expert_action = -2.629 | action_margin = -1.125 | accuracy = 0.305 | filter_accuracy = 0.675 | unique_filters = 1.000 | bin_accuracy = 0.430 | ang_sep = 4.485 | unique_bins = 0.195 | bin_loss = 1.993 | filter_loss = 0.708 | train_loss = 2.629
2026-06-13 21:29:06 | INFO     | blancops.rl.trainer | 
Validation check at train step 2356 
 (val set)      entropy = 2.792 | logp_expert_action = -3.003 | action_margin = -1.509 | accuracy = 0.252 | filter_accuracy = 0.624 | unique_filters = 1.000 | bin_accuracy = 0.384 | ang_sep = 4.367 | unique_bins = 0.111 | bin_loss = 2.226 | filter_loss = 0.817 | val_loss = 3.003 
 (train batch)  entropy = 2.759 | logp_expert_action = -2.583 | action_margin = -1.062 | accuracy = 0.305 | filter_accuracy = 0.659 | unique_filters = 1.000 | bin_accuracy = 0.427 | ang_sep = 4.230 | unique_bins = 0.186 | bin_loss = 1.942 | filter_loss = 0.731 | train_loss = 2.583
2026-06-13 21:29:14 | INFO     | blancops.rl.trainer | 
Validation check at train step 2432 
 (val set)      entropy = 2.804 | logp_expert_action = -3.006 | action_margin = -1.505 | accuracy = 0.252 | filter_accuracy = 0.625 | unique_filters = 1.000 | bin_accuracy = 0.384 | ang_sep = 4.368 | unique_bins = 0.111 | bin_loss = 2.226 | filter_loss = 0.819 | val_loss = 3.006 
 (train batch)  entropy = 2.739 | logp_expert_action = -2.667 | action_margin = -1.141 | accuracy = 0.327 | filter_accuracy = 0.689 | unique_filters = 1.000 | bin_accuracy = 0.446 | ang_sep = 4.474 | unique_bins = 0.191 | bin_loss = 2.028 | filter_loss = 0.720 | train_loss = 2.666
2026-06-13 21:29:22 | INFO     | blancops.rl.trainer | 
Validation check at train step 2508 
 (val set)      entropy = 2.799 | logp_expert_action = -3.008 | action_margin = -1.514 | accuracy = 0.253 | filter_accuracy = 0.626 | unique_filters = 1.000 | bin_accuracy = 0.385 | ang_sep = 4.362 | unique_bins = 0.111 | bin_loss = 2.230 | filter_loss = 0.818 | val_loss = 3.009 
 (train batch)  entropy = 2.736 | logp_expert_action = -2.667 | action_margin = -1.133 | accuracy = 0.300 | filter_accuracy = 0.689 | unique_filters = 1.000 | bin_accuracy = 0.414 | ang_sep = 4.346 | unique_bins = 0.194 | bin_loss = 2.052 | filter_loss = 0.693 | train_loss = 2.667
2026-06-13 21:29:30 | INFO     | blancops.rl.trainer | 
Validation check at train step 2584 
 (val set)      entropy = 2.790 | logp_expert_action = -3.008 | action_margin = -1.513 | accuracy = 0.253 | filter_accuracy = 0.626 | unique_filters = 1.000 | bin_accuracy = 0.384 | ang_sep = 4.369 | unique_bins = 0.111 | bin_loss = 2.229 | filter_loss = 0.818 | val_loss = 3.008 
 (train batch)  entropy = 2.712 | logp_expert_action = -2.608 | action_margin = -1.086 | accuracy = 0.331 | filter_accuracy = 0.679 | unique_filters = 1.000 | bin_accuracy = 0.449 | ang_sep = 4.231 | unique_bins = 0.186 | bin_loss = 1.999 | filter_loss = 0.700 | train_loss = 2.608
2026-06-13 21:29:38 | INFO     | blancops.rl.trainer | 
Validation check at train step 2660 
 (val set)      entropy = 2.789 | logp_expert_action = -3.008 | action_margin = -1.511 | accuracy = 0.253 | filter_accuracy = 0.624 | unique_filters = 1.000 | bin_accuracy = 0.385 | ang_sep = 4.363 | unique_bins = 0.111 | bin_loss = 2.229 | filter_loss = 0.819 | val_loss = 3.008 
 (train batch)  entropy = 2.742 | logp_expert_action = -2.666 | action_margin = -1.156 | accuracy = 0.330 | filter_accuracy = 0.680 | unique_filters = 1.000 | bin_accuracy = 0.439 | ang_sep = 4.152 | unique_bins = 0.193 | bin_loss = 2.021 | filter_loss = 0.717 | train_loss = 2.666
2026-06-13 21:29:46 | INFO     | blancops.rl.trainer | 
Validation check at train step 2736 
 (val set)      entropy = 2.816 | logp_expert_action = -3.009 | action_margin = -1.507 | accuracy = 0.253 | filter_accuracy = 0.626 | unique_filters = 1.000 | bin_accuracy = 0.383 | ang_sep = 4.362 | unique_bins = 0.111 | bin_loss = 2.230 | filter_loss = 0.819 | val_loss = 3.009 
 (train batch)  entropy = 2.765 | logp_expert_action = -2.654 | action_margin = -1.117 | accuracy = 0.324 | filter_accuracy = 0.676 | unique_filters = 1.000 | bin_accuracy = 0.456 | ang_sep = 4.395 | unique_bins = 0.189 | bin_loss = 2.036 | filter_loss = 0.695 | train_loss = 2.654
2026-06-13 21:29:54 | INFO     | blancops.rl.trainer | 
Validation check at train step 2812 
 (val set)      entropy = 2.790 | logp_expert_action = -3.007 | action_margin = -1.511 | accuracy = 0.252 | filter_accuracy = 0.627 | unique_filters = 1.000 | bin_accuracy = 0.383 | ang_sep = 4.376 | unique_bins = 0.111 | bin_loss = 2.228 | filter_loss = 0.818 | val_loss = 3.007 
 (train batch)  entropy = 2.722 | logp_expert_action = -2.771 | action_margin = -1.281 | accuracy = 0.296 | filter_accuracy = 0.659 | unique_filters = 1.000 | bin_accuracy = 0.416 | ang_sep = 4.404 | unique_bins = 0.195 | bin_loss = 2.133 | filter_loss = 0.736 | train_loss = 2.771
2026-06-13 21:30:02 | INFO     | blancops.rl.trainer | 
Validation check at train step 2888 
 (val set)      entropy = 2.805 | logp_expert_action = -3.008 | action_margin = -1.509 | accuracy = 0.253 | filter_accuracy = 0.626 | unique_filters = 1.000 | bin_accuracy = 0.385 | ang_sep = 4.368 | unique_bins = 0.111 | bin_loss = 2.230 | filter_loss = 0.818 | val_loss = 3.008 
 (train batch)  entropy = 2.756 | logp_expert_action = -2.736 | action_margin = -1.250 | accuracy = 0.300 | filter_accuracy = 0.661 | unique_filters = 1.000 | bin_accuracy = 0.429 | ang_sep = 4.366 | unique_bins = 0.193 | bin_loss = 2.053 | filter_loss = 0.773 | train_loss = 2.736
2026-06-13 21:30:10 | INFO     | blancops.rl.trainer | 
Validation check at train step 2964 
 (val set)      entropy = 2.822 | logp_expert_action = -3.008 | action_margin = -1.507 | accuracy = 0.255 | filter_accuracy = 0.628 | unique_filters = 1.000 | bin_accuracy = 0.385 | ang_sep = 4.357 | unique_bins = 0.111 | bin_loss = 2.230 | filter_loss = 0.818 | val_loss = 3.008 
 (train batch)  entropy = 2.795 | logp_expert_action = -2.645 | action_margin = -1.078 | accuracy = 0.312 | filter_accuracy = 0.672 | unique_filters = 1.000 | bin_accuracy = 0.425 | ang_sep = 3.963 | unique_bins = 0.185 | bin_loss = 2.002 | filter_loss = 0.712 | train_loss = 2.645
2026-06-13 21:30:18 | INFO     | blancops.rl.trainer | 
Validation check at train step 3040 
 (val set)      entropy = 2.789 | logp_expert_action = -3.006 | action_margin = -1.513 | accuracy = 0.252 | filter_accuracy = 0.626 | unique_filters = 1.000 | bin_accuracy = 0.384 | ang_sep = 4.362 | unique_bins = 0.111 | bin_loss = 2.228 | filter_loss = 0.817 | val_loss = 3.006 
 (train batch)  entropy = 2.724 | logp_expert_action = -2.691 | action_margin = -1.195 | accuracy = 0.273 | filter_accuracy = 0.656 | unique_filters = 1.000 | bin_accuracy = 0.395 | ang_sep = 4.646 | unique_bins = 0.191 | bin_loss = 2.056 | filter_loss = 0.716 | train_loss = 2.691
2026-06-13 21:30:26 | INFO     | blancops.rl.trainer | 
Validation check at train step 3116 
 (val set)      entropy = 2.799 | logp_expert_action = -3.008 | action_margin = -1.511 | accuracy = 0.253 | filter_accuracy = 0.627 | unique_filters = 1.000 | bin_accuracy = 0.385 | ang_sep = 4.363 | unique_bins = 0.111 | bin_loss = 2.229 | filter_loss = 0.818 | val_loss = 3.008 
 (train batch)  entropy = 2.732 | logp_expert_action = -2.572 | action_margin = -1.039 | accuracy = 0.325 | filter_accuracy = 0.686 | unique_filters = 1.000 | bin_accuracy = 0.443 | ang_sep = 4.099 | unique_bins = 0.188 | bin_loss = 1.966 | filter_loss = 0.694 | train_loss = 2.572
2026-06-13 21:30:34 | INFO     | blancops.rl.trainer | 
Validation check at train step 3192 
 (val set)      entropy = 2.800 | logp_expert_action = -3.007 | action_margin = -1.508 | accuracy = 0.252 | filter_accuracy = 0.627 | unique_filters = 1.000 | bin_accuracy = 0.382 | ang_sep = 4.379 | unique_bins = 0.112 | bin_loss = 2.228 | filter_loss = 0.818 | val_loss = 3.007 
 (train batch)  entropy = 2.733 | logp_expert_action = -2.612 | action_margin = -1.094 | accuracy = 0.311 | filter_accuracy = 0.671 | unique_filters = 1.000 | bin_accuracy = 0.453 | ang_sep = 4.494 | unique_bins = 0.196 | bin_loss = 1.991 | filter_loss = 0.694 | train_loss = 2.612
2026-06-13 21:30:42 | INFO     | blancops.rl.trainer | 
Validation check at train step 3268 
 (val set)      entropy = 2.776 | logp_expert_action = -3.007 | action_margin = -1.517 | accuracy = 0.250 | filter_accuracy = 0.623 | unique_filters = 1.000 | bin_accuracy = 0.382 | ang_sep = 4.375 | unique_bins = 0.111 | bin_loss = 2.228 | filter_loss = 0.818 | val_loss = 3.007 
 (train batch)  entropy = 2.666 | logp_expert_action = -2.566 | action_margin = -1.031 | accuracy = 0.347 | filter_accuracy = 0.683 | unique_filters = 1.000 | bin_accuracy = 0.465 | ang_sep = 3.823 | unique_bins = 0.195 | bin_loss = 1.900 | filter_loss = 0.735 | train_loss = 2.566
2026-06-13 21:30:42 | INFO     | blancops.rl.trainer | No patience left. Ending training.
2026-06-13 21:30:42 | INFO     | blancops.rl.trainer | Best val_loss=3.002 at epoch 24
2026-06-13 21:30:42 | INFO     | blancops | Total train time = 346.9s on cuda
2026-06-13 21:30:42 | INFO     | blancops | Training complete.
2026-06-13 21:30:42 | INFO     | blancops | Results saved in /work/hdd/bgpy/rhur/blancops/experiments/bc/max_feature_set/run_20260613_211858
2026-06-13 21:30:42 | INFO     | blancops | Plotting metrics…
2026-06-13 21:30:43 | INFO     | blancops | Peak GPU memory: 8.18 GB
