2026-06-18 13:15:20 | INFO     | blancops | Loading feature cache from /work/nvme/bgpy/rhur/blancops/data/train/des/feature_cache_nside16_azel
2026-06-18 13:15:20 | INFO     | blancops.data.feature_cache | Loading RawFeatureCache metadata from /work/nvme/bgpy/rhur/blancops/data/train/des/feature_cache_nside16_azel
2026-06-18 13:15:20 | INFO     | blancops.data.feature_cache | Loading RawFeatureCache bin_features from /work/nvme/bgpy/rhur/blancops/data/train/des/feature_cache_nside16_azel
2026-06-18 13:15:20 | INFO     | blancops.data.feature_cache | Loading RawFeatureCache transitions from /work/nvme/bgpy/rhur/blancops/data/train/des/feature_cache_nside16_azel
2026-06-18 13:15:20 | INFO     | blancops.data.feature_cache | Filtering cache to 689 nights (2013-01-01 to 2019-01-31)
2026-06-18 13:15:20 | INFO     | blancops.data.feature_cache | Removing 1719 date range transitions with time diff > 5 min. Total date range transitions: 86976
2026-06-18 13:19:17 | INFO     | blancops.data.dataset | Normalization stats saved to /work/hdd/bgpy/rhur/blancops/experiments/bc/max_feature_set_iband_zenith_seeing/run_20260618_131519/checkpoints/normalization_stats.json
2026-06-18 13:19:17 | INFO     | blancops | Train dataset: 689 nights, 86976 transitions
2026-06-18 13:19:17 | INFO     | blancops.data.feature_cache | Removing 1537 Train transitions with time diff > 5 min. Total Train transitions: 78559
2026-06-18 13:19:17 | INFO     | blancops.data.feature_cache | Removing 182 Val transitions with time diff > 5 min. Total Val transitions: 8417
2026-06-18 13:19:38 | INFO     | blancops.data.feature_cache | ValDatasetCache saved to /work/hdd/bgpy/rhur/blancops/experiments/bc/max_feature_set_iband_zenith_seeing/run_20260618_131519/checkpoints/val_dataset_cache.pt
2026-06-18 13:19:38 | INFO     | blancops | Val dataset cache saved to /work/hdd/bgpy/rhur/blancops/experiments/bc/max_feature_set_iband_zenith_seeing/run_20260618_131519/checkpoints/val_dataset_cache.pt
2026-06-18 13:19:38 | INFO     | blancops | Released feature cache from memory.
2026-06-18 13:20:35 | INFO     | blancops | Starting training…
2026-06-18 13:20:38 | INFO     | blancops.rl.trainer | 
Validation check at train step 0 
 (val set)      entropy = 8.897 | logp_expert_action = -8.671 | action_margin = -0.550 | accuracy = 0.003 | filter_accuracy = 0.287 | unique_filters = 0.822 | bin_accuracy = 0.006 | ang_sep = 29.069 | unique_bins = 0.138 | bin_loss = 7.110 | filter_loss = 1.560 | val_loss = 8.671 
 (train batch)  entropy = 8.878 | logp_expert_action = -9.026 | action_margin = -0.848 | accuracy = 0.003 | filter_accuracy = 0.275 | unique_filters = 0.800 | bin_accuracy = 0.007 | ang_sep = 33.459 | unique_bins = 0.305 | bin_loss = 7.330 | filter_loss = 1.636 | train_loss = 9.026
2026-06-18 13:20:38 | INFO     | blancops.rl.trainer | Improved model at step 0 (epoch 1): val_loss=8.671. Saving weights
2026-06-18 13:20:39 | INFO     | blancops.rl.checkpointer | Deployment model and norm stats saved to model.pt
2026-06-18 13:20:47 | INFO     | blancops.rl.trainer | 
Validation check at train step 76 
 (val set)      entropy = 4.798 | logp_expert_action = -4.004 | action_margin = -1.099 | accuracy = 0.160 | filter_accuracy = 0.524 | unique_filters = 1.000 | bin_accuracy = 0.300 | ang_sep = 4.923 | unique_bins = 0.115 | bin_loss = 2.957 | filter_loss = 1.065 | val_loss = 4.004 
 (train batch)  entropy = 5.924 | logp_expert_action = -3.928 | action_margin = -1.359 | accuracy = 0.164 | filter_accuracy = 0.539 | unique_filters = 1.000 | bin_accuracy = 0.325 | ang_sep = 4.739 | unique_bins = 0.190 | bin_loss = 2.915 | filter_loss = 1.130 | train_loss = 3.928
2026-06-18 13:20:47 | INFO     | blancops.rl.trainer | Improved model at step 76 (epoch 2): val_loss=4.004. Saving weights
2026-06-18 13:20:47 | INFO     | blancops.rl.checkpointer | Deployment model and norm stats saved to model.pt
2026-06-18 13:20:55 | INFO     | blancops.rl.trainer | 
Validation check at train step 152 
 (val set)      entropy = 5.286 | logp_expert_action = -3.765 | action_margin = -1.549 | accuracy = 0.198 | filter_accuracy = 0.542 | unique_filters = 1.000 | bin_accuracy = 0.367 | ang_sep = 4.525 | unique_bins = 0.114 | bin_loss = 2.740 | filter_loss = 1.113 | val_loss = 3.765 
 (train batch)  entropy = 5.105 | logp_expert_action = -3.682 | action_margin = -1.539 | accuracy = 0.205 | filter_accuracy = 0.585 | unique_filters = 1.000 | bin_accuracy = 0.364 | ang_sep = 4.974 | unique_bins = 0.197 | bin_loss = 2.722 | filter_loss = 1.027 | train_loss = 3.683
2026-06-18 13:20:55 | INFO     | blancops.rl.trainer | Improved model at step 152 (epoch 3): val_loss=3.765. Saving weights
2026-06-18 13:20:55 | INFO     | blancops.rl.checkpointer | Deployment model and norm stats saved to model.pt
2026-06-18 13:21:03 | INFO     | blancops.rl.trainer | 
Validation check at train step 228 
 (val set)      entropy = 3.788 | logp_expert_action = -3.433 | action_margin = -1.640 | accuracy = 0.215 | filter_accuracy = 0.554 | unique_filters = 1.000 | bin_accuracy = 0.382 | ang_sep = 4.441 | unique_bins = 0.114 | bin_loss = 2.450 | filter_loss = 1.004 | val_loss = 3.433 
 (train batch)  entropy = 3.595 | logp_expert_action = -3.419 | action_margin = -1.602 | accuracy = 0.213 | filter_accuracy = 0.564 | unique_filters = 1.000 | bin_accuracy = 0.386 | ang_sep = 4.518 | unique_bins = 0.201 | bin_loss = 2.471 | filter_loss = 0.964 | train_loss = 3.419
2026-06-18 13:21:03 | INFO     | blancops.rl.trainer | Improved model at step 228 (epoch 4): val_loss=3.433. Saving weights
2026-06-18 13:21:03 | INFO     | blancops.rl.checkpointer | Deployment model and norm stats saved to model.pt
2026-06-18 13:21:10 | INFO     | blancops.rl.trainer | 
Validation check at train step 304 
 (val set)      entropy = 3.199 | logp_expert_action = -3.337 | action_margin = -1.671 | accuracy = 0.210 | filter_accuracy = 0.558 | unique_filters = 1.000 | bin_accuracy = 0.372 | ang_sep = 4.475 | unique_bins = 0.112 | bin_loss = 2.402 | filter_loss = 0.962 | val_loss = 3.337 
 (train batch)  entropy = 3.157 | logp_expert_action = -3.091 | action_margin = -1.359 | accuracy = 0.261 | filter_accuracy = 0.590 | unique_filters = 1.000 | bin_accuracy = 0.435 | ang_sep = 4.105 | unique_bins = 0.189 | bin_loss = 2.199 | filter_loss = 0.911 | train_loss = 3.091
2026-06-18 13:21:10 | INFO     | blancops.rl.trainer | Improved model at step 304 (epoch 5): val_loss=3.337. Saving weights
2026-06-18 13:21:10 | INFO     | blancops.rl.checkpointer | Deployment model and norm stats saved to model.pt
2026-06-18 13:21:18 | INFO     | blancops.rl.trainer | 
Validation check at train step 380 
 (val set)      entropy = 3.354 | logp_expert_action = -3.256 | action_margin = -1.562 | accuracy = 0.234 | filter_accuracy = 0.600 | unique_filters = 1.000 | bin_accuracy = 0.389 | ang_sep = 4.382 | unique_bins = 0.113 | bin_loss = 2.372 | filter_loss = 0.912 | val_loss = 3.257 
 (train batch)  entropy = 2.980 | logp_expert_action = -3.115 | action_margin = -1.445 | accuracy = 0.232 | filter_accuracy = 0.593 | unique_filters = 1.000 | bin_accuracy = 0.399 | ang_sep = 4.219 | unique_bins = 0.189 | bin_loss = 2.284 | filter_loss = 0.876 | train_loss = 3.115
2026-06-18 13:21:18 | INFO     | blancops.rl.trainer | Improved model at step 380 (epoch 6): val_loss=3.257. Saving weights
2026-06-18 13:21:18 | INFO     | blancops.rl.checkpointer | Deployment model and norm stats saved to model.pt
2026-06-18 13:21:26 | INFO     | blancops.rl.trainer | 
Validation check at train step 456 
 (val set)      entropy = 3.356 | logp_expert_action = -3.199 | action_margin = -1.550 | accuracy = 0.238 | filter_accuracy = 0.612 | unique_filters = 1.000 | bin_accuracy = 0.383 | ang_sep = 4.405 | unique_bins = 0.113 | bin_loss = 2.350 | filter_loss = 0.889 | val_loss = 3.199 
 (train batch)  entropy = 3.325 | logp_expert_action = -3.160 | action_margin = -1.492 | accuracy = 0.242 | filter_accuracy = 0.614 | unique_filters = 1.000 | bin_accuracy = 0.383 | ang_sep = 4.698 | unique_bins = 0.192 | bin_loss = 2.365 | filter_loss = 0.843 | train_loss = 3.160
2026-06-18 13:21:26 | INFO     | blancops.rl.trainer | Improved model at step 456 (epoch 7): val_loss=3.199. Saving weights
2026-06-18 13:21:26 | INFO     | blancops.rl.checkpointer | Deployment model and norm stats saved to model.pt
2026-06-18 13:21:34 | INFO     | blancops.rl.trainer | 
Validation check at train step 532 
 (val set)      entropy = 3.273 | logp_expert_action = -3.157 | action_margin = -1.519 | accuracy = 0.242 | filter_accuracy = 0.616 | unique_filters = 1.000 | bin_accuracy = 0.386 | ang_sep = 4.386 | unique_bins = 0.112 | bin_loss = 2.312 | filter_loss = 0.883 | val_loss = 3.157 
 (train batch)  entropy = 3.341 | logp_expert_action = -2.971 | action_margin = -1.297 | accuracy = 0.255 | filter_accuracy = 0.610 | unique_filters = 1.000 | bin_accuracy = 0.422 | ang_sep = 4.386 | unique_bins = 0.191 | bin_loss = 2.156 | filter_loss = 0.860 | train_loss = 2.971
2026-06-18 13:21:34 | INFO     | blancops.rl.trainer | Improved model at step 532 (epoch 8): val_loss=3.157. Saving weights
2026-06-18 13:21:34 | INFO     | blancops.rl.checkpointer | Deployment model and norm stats saved to model.pt
2026-06-18 13:21:41 | INFO     | blancops.rl.trainer | 
Validation check at train step 608 
 (val set)      entropy = 2.951 | logp_expert_action = -3.139 | action_margin = -1.492 | accuracy = 0.245 | filter_accuracy = 0.607 | unique_filters = 1.000 | bin_accuracy = 0.387 | ang_sep = 4.419 | unique_bins = 0.111 | bin_loss = 2.318 | filter_loss = 0.858 | val_loss = 3.138 
 (train batch)  entropy = 3.127 | logp_expert_action = -3.019 | action_margin = -1.406 | accuracy = 0.254 | filter_accuracy = 0.608 | unique_filters = 1.000 | bin_accuracy = 0.426 | ang_sep = 4.420 | unique_bins = 0.194 | bin_loss = 2.229 | filter_loss = 0.842 | train_loss = 3.019
2026-06-18 13:21:41 | INFO     | blancops.rl.trainer | Improved model at step 608 (epoch 9): val_loss=3.138. Saving weights
2026-06-18 13:21:41 | INFO     | blancops.rl.checkpointer | Deployment model and norm stats saved to model.pt
2026-06-18 13:21:49 | INFO     | blancops.rl.trainer | 
Validation check at train step 684 
 (val set)      entropy = 3.127 | logp_expert_action = -3.109 | action_margin = -1.507 | accuracy = 0.248 | filter_accuracy = 0.637 | unique_filters = 1.000 | bin_accuracy = 0.383 | ang_sep = 4.399 | unique_bins = 0.113 | bin_loss = 2.308 | filter_loss = 0.838 | val_loss = 3.109 
 (train batch)  entropy = 3.027 | logp_expert_action = -2.987 | action_margin = -1.367 | accuracy = 0.277 | filter_accuracy = 0.657 | unique_filters = 1.000 | bin_accuracy = 0.408 | ang_sep = 4.362 | unique_bins = 0.200 | bin_loss = 2.212 | filter_loss = 0.809 | train_loss = 2.987
2026-06-18 13:21:49 | INFO     | blancops.rl.trainer | Improved model at step 684 (epoch 10): val_loss=3.109. Saving weights
2026-06-18 13:21:49 | INFO     | blancops.rl.checkpointer | Deployment model and norm stats saved to model.pt
2026-06-18 13:21:58 | INFO     | blancops.rl.trainer | 
Validation check at train step 760 
 (val set)      entropy = 3.211 | logp_expert_action = -3.105 | action_margin = -1.505 | accuracy = 0.245 | filter_accuracy = 0.619 | unique_filters = 1.000 | bin_accuracy = 0.391 | ang_sep = 4.366 | unique_bins = 0.112 | bin_loss = 2.285 | filter_loss = 0.862 | val_loss = 3.105 
 (train batch)  entropy = 2.949 | logp_expert_action = -2.903 | action_margin = -1.328 | accuracy = 0.271 | filter_accuracy = 0.669 | unique_filters = 1.000 | bin_accuracy = 0.399 | ang_sep = 4.137 | unique_bins = 0.183 | bin_loss = 2.175 | filter_loss = 0.779 | train_loss = 2.903
2026-06-18 13:21:58 | INFO     | blancops.rl.trainer | Improved model at step 760 (epoch 11): val_loss=3.105. Saving weights
2026-06-18 13:21:58 | INFO     | blancops.rl.checkpointer | Deployment model and norm stats saved to model.pt
2026-06-18 13:22:05 | INFO     | blancops.rl.trainer | 
Validation check at train step 836 
 (val set)      entropy = 2.955 | logp_expert_action = -3.070 | action_margin = -1.513 | accuracy = 0.256 | filter_accuracy = 0.628 | unique_filters = 1.000 | bin_accuracy = 0.393 | ang_sep = 4.365 | unique_bins = 0.112 | bin_loss = 2.263 | filter_loss = 0.845 | val_loss = 3.070 
 (train batch)  entropy = 3.050 | logp_expert_action = -2.910 | action_margin = -1.297 | accuracy = 0.275 | filter_accuracy = 0.630 | unique_filters = 1.000 | bin_accuracy = 0.418 | ang_sep = 4.401 | unique_bins = 0.187 | bin_loss = 2.152 | filter_loss = 0.819 | train_loss = 2.910
2026-06-18 13:22:05 | INFO     | blancops.rl.trainer | Improved model at step 836 (epoch 12): val_loss=3.070. Saving weights
2026-06-18 13:22:05 | INFO     | blancops.rl.checkpointer | Deployment model and norm stats saved to model.pt
2026-06-18 13:22:13 | INFO     | blancops.rl.trainer | 
Validation check at train step 912 
 (val set)      entropy = 3.085 | logp_expert_action = -3.127 | action_margin = -1.530 | accuracy = 0.247 | filter_accuracy = 0.612 | unique_filters = 1.000 | bin_accuracy = 0.389 | ang_sep = 4.371 | unique_bins = 0.111 | bin_loss = 2.312 | filter_loss = 0.859 | val_loss = 3.127 
 (train batch)  entropy = 3.162 | logp_expert_action = -2.928 | action_margin = -1.297 | accuracy = 0.263 | filter_accuracy = 0.650 | unique_filters = 1.000 | bin_accuracy = 0.402 | ang_sep = 4.258 | unique_bins = 0.191 | bin_loss = 2.216 | filter_loss = 0.789 | train_loss = 2.928
2026-06-18 13:22:21 | INFO     | blancops.rl.trainer | 
Validation check at train step 988 
 (val set)      entropy = 3.011 | logp_expert_action = -3.046 | action_margin = -1.495 | accuracy = 0.258 | filter_accuracy = 0.630 | unique_filters = 1.000 | bin_accuracy = 0.394 | ang_sep = 4.345 | unique_bins = 0.111 | bin_loss = 2.263 | filter_loss = 0.827 | val_loss = 3.046 
 (train batch)  entropy = 2.803 | logp_expert_action = -2.943 | action_margin = -1.406 | accuracy = 0.288 | filter_accuracy = 0.660 | unique_filters = 1.000 | bin_accuracy = 0.401 | ang_sep = 4.524 | unique_bins = 0.190 | bin_loss = 2.205 | filter_loss = 0.796 | train_loss = 2.944
2026-06-18 13:22:21 | INFO     | blancops.rl.trainer | Improved model at step 988 (epoch 14): val_loss=3.046. Saving weights
2026-06-18 13:22:21 | INFO     | blancops.rl.checkpointer | Deployment model and norm stats saved to model.pt
2026-06-18 13:22:30 | INFO     | blancops.rl.trainer | 
Validation check at train step 1064 
 (val set)      entropy = 3.085 | logp_expert_action = -3.070 | action_margin = -1.477 | accuracy = 0.253 | filter_accuracy = 0.621 | unique_filters = 1.000 | bin_accuracy = 0.392 | ang_sep = 4.373 | unique_bins = 0.111 | bin_loss = 2.262 | filter_loss = 0.848 | val_loss = 3.070 
 (train batch)  entropy = 2.969 | logp_expert_action = -2.922 | action_margin = -1.344 | accuracy = 0.293 | filter_accuracy = 0.652 | unique_filters = 1.000 | bin_accuracy = 0.420 | ang_sep = 4.518 | unique_bins = 0.187 | bin_loss = 2.210 | filter_loss = 0.787 | train_loss = 2.922
2026-06-18 13:22:38 | INFO     | blancops.rl.trainer | 
Validation check at train step 1140 
 (val set)      entropy = 3.057 | logp_expert_action = -3.062 | action_margin = -1.482 | accuracy = 0.249 | filter_accuracy = 0.618 | unique_filters = 1.000 | bin_accuracy = 0.390 | ang_sep = 4.375 | unique_bins = 0.111 | bin_loss = 2.253 | filter_loss = 0.854 | val_loss = 3.062 
 (train batch)  entropy = 2.841 | logp_expert_action = -2.942 | action_margin = -1.359 | accuracy = 0.281 | filter_accuracy = 0.666 | unique_filters = 1.000 | bin_accuracy = 0.395 | ang_sep = 4.846 | unique_bins = 0.194 | bin_loss = 2.230 | filter_loss = 0.778 | train_loss = 2.942
2026-06-18 13:22:46 | INFO     | blancops.rl.trainer | 
Validation check at train step 1216 
 (val set)      entropy = 2.966 | logp_expert_action = -3.058 | action_margin = -1.492 | accuracy = 0.254 | filter_accuracy = 0.620 | unique_filters = 1.000 | bin_accuracy = 0.389 | ang_sep = 4.378 | unique_bins = 0.110 | bin_loss = 2.262 | filter_loss = 0.839 | val_loss = 3.058 
 (train batch)  entropy = 2.779 | logp_expert_action = -2.837 | action_margin = -1.297 | accuracy = 0.287 | filter_accuracy = 0.636 | unique_filters = 1.000 | bin_accuracy = 0.422 | ang_sep = 4.505 | unique_bins = 0.196 | bin_loss = 2.131 | filter_loss = 0.768 | train_loss = 2.837
2026-06-18 13:22:54 | INFO     | blancops.rl.trainer | 
Validation check at train step 1292 
 (val set)      entropy = 2.946 | logp_expert_action = -3.051 | action_margin = -1.460 | accuracy = 0.252 | filter_accuracy = 0.613 | unique_filters = 1.000 | bin_accuracy = 0.390 | ang_sep = 4.344 | unique_bins = 0.111 | bin_loss = 2.247 | filter_loss = 0.851 | val_loss = 3.051 
 (train batch)  entropy = 2.764 | logp_expert_action = -2.831 | action_margin = -1.281 | accuracy = 0.277 | filter_accuracy = 0.650 | unique_filters = 1.000 | bin_accuracy = 0.399 | ang_sep = 4.372 | unique_bins = 0.193 | bin_loss = 2.130 | filter_loss = 0.771 | train_loss = 2.832
2026-06-18 13:23:02 | INFO     | blancops.rl.trainer | 
Validation check at train step 1368 
 (val set)      entropy = 2.757 | logp_expert_action = -3.032 | action_margin = -1.535 | accuracy = 0.251 | filter_accuracy = 0.611 | unique_filters = 1.000 | bin_accuracy = 0.392 | ang_sep = 4.353 | unique_bins = 0.111 | bin_loss = 2.239 | filter_loss = 0.838 | val_loss = 3.032 
 (train batch)  entropy = 2.937 | logp_expert_action = -2.800 | action_margin = -1.234 | accuracy = 0.293 | filter_accuracy = 0.668 | unique_filters = 1.000 | bin_accuracy = 0.423 | ang_sep = 4.518 | unique_bins = 0.193 | bin_loss = 2.116 | filter_loss = 0.749 | train_loss = 2.800
2026-06-18 13:23:02 | INFO     | blancops.rl.trainer | Improved model at step 1368 (epoch 19): val_loss=3.032. Saving weights
2026-06-18 13:23:02 | INFO     | blancops.rl.checkpointer | Deployment model and norm stats saved to model.pt
2026-06-18 13:23:10 | INFO     | blancops.rl.trainer | 
Validation check at train step 1444 
 (val set)      entropy = 3.039 | logp_expert_action = -3.025 | action_margin = -1.457 | accuracy = 0.256 | filter_accuracy = 0.626 | unique_filters = 1.000 | bin_accuracy = 0.398 | ang_sep = 4.304 | unique_bins = 0.111 | bin_loss = 2.246 | filter_loss = 0.829 | val_loss = 3.025 
 (train batch)  entropy = 2.728 | logp_expert_action = -2.817 | action_margin = -1.281 | accuracy = 0.294 | filter_accuracy = 0.640 | unique_filters = 1.000 | bin_accuracy = 0.426 | ang_sep = 4.633 | unique_bins = 0.198 | bin_loss = 2.130 | filter_loss = 0.756 | train_loss = 2.816
2026-06-18 13:23:10 | INFO     | blancops.rl.trainer | Improved model at step 1444 (epoch 20): val_loss=3.025. Saving weights
2026-06-18 13:23:10 | INFO     | blancops.rl.checkpointer | Deployment model and norm stats saved to model.pt
2026-06-18 13:23:17 | INFO     | blancops.rl.trainer | 
Validation check at train step 1520 
 (val set)      entropy = 3.089 | logp_expert_action = -3.061 | action_margin = -1.490 | accuracy = 0.254 | filter_accuracy = 0.625 | unique_filters = 1.000 | bin_accuracy = 0.394 | ang_sep = 4.323 | unique_bins = 0.112 | bin_loss = 2.282 | filter_loss = 0.829 | val_loss = 3.061 
 (train batch)  entropy = 2.931 | logp_expert_action = -2.738 | action_margin = -1.172 | accuracy = 0.307 | filter_accuracy = 0.658 | unique_filters = 1.000 | bin_accuracy = 0.429 | ang_sep = 4.155 | unique_bins = 0.193 | bin_loss = 2.048 | filter_loss = 0.754 | train_loss = 2.738
2026-06-18 13:23:26 | INFO     | blancops.rl.trainer | 
Validation check at train step 1596 
 (val set)      entropy = 2.878 | logp_expert_action = -3.004 | action_margin = -1.480 | accuracy = 0.265 | filter_accuracy = 0.635 | unique_filters = 1.000 | bin_accuracy = 0.396 | ang_sep = 4.320 | unique_bins = 0.111 | bin_loss = 2.228 | filter_loss = 0.820 | val_loss = 3.004 
 (train batch)  entropy = 2.695 | logp_expert_action = -2.777 | action_margin = -1.281 | accuracy = 0.292 | filter_accuracy = 0.688 | unique_filters = 1.000 | bin_accuracy = 0.415 | ang_sep = 4.777 | unique_bins = 0.194 | bin_loss = 2.121 | filter_loss = 0.722 | train_loss = 2.776
2026-06-18 13:23:26 | INFO     | blancops.rl.trainer | Improved model at step 1596 (epoch 22): val_loss=3.004. Saving weights
2026-06-18 13:23:26 | INFO     | blancops.rl.checkpointer | Deployment model and norm stats saved to model.pt
2026-06-18 13:23:34 | INFO     | blancops.rl.trainer | 
Validation check at train step 1672 
 (val set)      entropy = 2.760 | logp_expert_action = -3.049 | action_margin = -1.524 | accuracy = 0.246 | filter_accuracy = 0.606 | unique_filters = 1.000 | bin_accuracy = 0.386 | ang_sep = 4.356 | unique_bins = 0.112 | bin_loss = 2.239 | filter_loss = 0.847 | val_loss = 3.049 
 (train batch)  entropy = 2.660 | logp_expert_action = -2.726 | action_margin = -1.203 | accuracy = 0.321 | filter_accuracy = 0.651 | unique_filters = 1.000 | bin_accuracy = 0.443 | ang_sep = 4.493 | unique_bins = 0.183 | bin_loss = 2.070 | filter_loss = 0.733 | train_loss = 2.726
2026-06-18 13:23:42 | INFO     | blancops.rl.trainer | 
Validation check at train step 1748 
 (val set)      entropy = 2.798 | logp_expert_action = -3.035 | action_margin = -1.532 | accuracy = 0.250 | filter_accuracy = 0.608 | unique_filters = 1.000 | bin_accuracy = 0.389 | ang_sep = 4.343 | unique_bins = 0.111 | bin_loss = 2.243 | filter_loss = 0.838 | val_loss = 3.035 
 (train batch)  entropy = 2.760 | logp_expert_action = -2.789 | action_margin = -1.258 | accuracy = 0.311 | filter_accuracy = 0.644 | unique_filters = 1.000 | bin_accuracy = 0.443 | ang_sep = 4.889 | unique_bins = 0.189 | bin_loss = 2.113 | filter_loss = 0.769 | train_loss = 2.789
2026-06-18 13:23:52 | INFO     | blancops.rl.trainer | 
Validation check at train step 1824 
 (val set)      entropy = 2.811 | logp_expert_action = -3.035 | action_margin = -1.484 | accuracy = 0.252 | filter_accuracy = 0.612 | unique_filters = 1.000 | bin_accuracy = 0.390 | ang_sep = 4.393 | unique_bins = 0.111 | bin_loss = 2.238 | filter_loss = 0.835 | val_loss = 3.035 
 (train batch)  entropy = 2.692 | logp_expert_action = -2.709 | action_margin = -1.172 | accuracy = 0.303 | filter_accuracy = 0.669 | unique_filters = 1.000 | bin_accuracy = 0.432 | ang_sep = 4.058 | unique_bins = 0.197 | bin_loss = 2.025 | filter_loss = 0.767 | train_loss = 2.709
2026-06-18 13:24:01 | INFO     | blancops.rl.trainer | 
Validation check at train step 1900 
 (val set)      entropy = 2.980 | logp_expert_action = -3.044 | action_margin = -1.495 | accuracy = 0.250 | filter_accuracy = 0.618 | unique_filters = 1.000 | bin_accuracy = 0.390 | ang_sep = 4.351 | unique_bins = 0.110 | bin_loss = 2.252 | filter_loss = 0.838 | val_loss = 3.044 
 (train batch)  entropy = 2.894 | logp_expert_action = -2.752 | action_margin = -1.203 | accuracy = 0.294 | filter_accuracy = 0.663 | unique_filters = 1.000 | bin_accuracy = 0.424 | ang_sep = 4.307 | unique_bins = 0.181 | bin_loss = 2.097 | filter_loss = 0.739 | train_loss = 2.752
2026-06-18 13:24:09 | INFO     | blancops.rl.trainer | 
Validation check at train step 1976 
 (val set)      entropy = 2.740 | logp_expert_action = -3.029 | action_margin = -1.546 | accuracy = 0.250 | filter_accuracy = 0.612 | unique_filters = 1.000 | bin_accuracy = 0.388 | ang_sep = 4.345 | unique_bins = 0.110 | bin_loss = 2.236 | filter_loss = 0.835 | val_loss = 3.029 
 (train batch)  entropy = 2.641 | logp_expert_action = -2.623 | action_margin = -1.109 | accuracy = 0.331 | filter_accuracy = 0.689 | unique_filters = 1.000 | bin_accuracy = 0.430 | ang_sep = 4.357 | unique_bins = 0.184 | bin_loss = 2.041 | filter_loss = 0.676 | train_loss = 2.624
2026-06-18 13:24:17 | INFO     | blancops.rl.trainer | 
Validation check at train step 2052 
 (val set)      entropy = 2.835 | logp_expert_action = -3.030 | action_margin = -1.516 | accuracy = 0.250 | filter_accuracy = 0.617 | unique_filters = 1.000 | bin_accuracy = 0.388 | ang_sep = 4.366 | unique_bins = 0.111 | bin_loss = 2.239 | filter_loss = 0.833 | val_loss = 3.030 
 (train batch)  entropy = 2.754 | logp_expert_action = -2.685 | action_margin = -1.148 | accuracy = 0.333 | filter_accuracy = 0.692 | unique_filters = 1.000 | bin_accuracy = 0.442 | ang_sep = 4.383 | unique_bins = 0.195 | bin_loss = 2.060 | filter_loss = 0.702 | train_loss = 2.685
2026-06-18 13:24:25 | INFO     | blancops.rl.trainer | 
Validation check at train step 2128 
 (val set)      entropy = 2.773 | logp_expert_action = -3.022 | action_margin = -1.526 | accuracy = 0.255 | filter_accuracy = 0.617 | unique_filters = 1.000 | bin_accuracy = 0.391 | ang_sep = 4.365 | unique_bins = 0.111 | bin_loss = 2.232 | filter_loss = 0.831 | val_loss = 3.022 
 (train batch)  entropy = 2.711 | logp_expert_action = -2.770 | action_margin = -1.250 | accuracy = 0.303 | filter_accuracy = 0.641 | unique_filters = 1.000 | bin_accuracy = 0.440 | ang_sep = 4.468 | unique_bins = 0.184 | bin_loss = 2.090 | filter_loss = 0.749 | train_loss = 2.770
2026-06-18 13:24:34 | INFO     | blancops.rl.trainer | 
Validation check at train step 2204 
 (val set)      entropy = 2.800 | logp_expert_action = -3.026 | action_margin = -1.523 | accuracy = 0.254 | filter_accuracy = 0.617 | unique_filters = 1.000 | bin_accuracy = 0.391 | ang_sep = 4.351 | unique_bins = 0.110 | bin_loss = 2.238 | filter_loss = 0.830 | val_loss = 3.026 
 (train batch)  entropy = 2.704 | logp_expert_action = -2.747 | action_margin = -1.227 | accuracy = 0.309 | filter_accuracy = 0.663 | unique_filters = 1.000 | bin_accuracy = 0.420 | ang_sep = 4.320 | unique_bins = 0.193 | bin_loss = 2.086 | filter_loss = 0.746 | train_loss = 2.747
2026-06-18 13:24:42 | INFO     | blancops.rl.trainer | 
Validation check at train step 2280 
 (val set)      entropy = 2.786 | logp_expert_action = -3.021 | action_margin = -1.520 | accuracy = 0.253 | filter_accuracy = 0.617 | unique_filters = 1.000 | bin_accuracy = 0.390 | ang_sep = 4.361 | unique_bins = 0.111 | bin_loss = 2.234 | filter_loss = 0.828 | val_loss = 3.021 
 (train batch)  entropy = 2.692 | logp_expert_action = -2.615 | action_margin = -1.117 | accuracy = 0.315 | filter_accuracy = 0.671 | unique_filters = 1.000 | bin_accuracy = 0.439 | ang_sep = 4.426 | unique_bins = 0.195 | bin_loss = 1.981 | filter_loss = 0.713 | train_loss = 2.615
2026-06-18 13:24:49 | INFO     | blancops.rl.trainer | 
Validation check at train step 2356 
 (val set)      entropy = 2.794 | logp_expert_action = -3.019 | action_margin = -1.516 | accuracy = 0.255 | filter_accuracy = 0.620 | unique_filters = 1.000 | bin_accuracy = 0.389 | ang_sep = 4.360 | unique_bins = 0.111 | bin_loss = 2.234 | filter_loss = 0.827 | val_loss = 3.019 
 (train batch)  entropy = 2.756 | logp_expert_action = -2.570 | action_margin = -1.039 | accuracy = 0.308 | filter_accuracy = 0.675 | unique_filters = 1.000 | bin_accuracy = 0.430 | ang_sep = 4.235 | unique_bins = 0.185 | bin_loss = 1.935 | filter_loss = 0.732 | train_loss = 2.570
2026-06-18 13:24:57 | INFO     | blancops.rl.trainer | 
Validation check at train step 2432 
 (val set)      entropy = 2.791 | logp_expert_action = -3.020 | action_margin = -1.520 | accuracy = 0.252 | filter_accuracy = 0.618 | unique_filters = 1.000 | bin_accuracy = 0.389 | ang_sep = 4.359 | unique_bins = 0.110 | bin_loss = 2.234 | filter_loss = 0.828 | val_loss = 3.020 
 (train batch)  entropy = 2.741 | logp_expert_action = -2.641 | action_margin = -1.094 | accuracy = 0.321 | filter_accuracy = 0.682 | unique_filters = 1.000 | bin_accuracy = 0.438 | ang_sep = 4.510 | unique_bins = 0.189 | bin_loss = 2.018 | filter_loss = 0.709 | train_loss = 2.641
2026-06-18 13:25:05 | INFO     | blancops.rl.trainer | 
Validation check at train step 2508 
 (val set)      entropy = 2.796 | logp_expert_action = -3.022 | action_margin = -1.525 | accuracy = 0.253 | filter_accuracy = 0.617 | unique_filters = 1.000 | bin_accuracy = 0.390 | ang_sep = 4.364 | unique_bins = 0.111 | bin_loss = 2.236 | filter_loss = 0.828 | val_loss = 3.022 
 (train batch)  entropy = 2.715 | logp_expert_action = -2.657 | action_margin = -1.141 | accuracy = 0.304 | filter_accuracy = 0.691 | unique_filters = 1.000 | bin_accuracy = 0.411 | ang_sep = 4.358 | unique_bins = 0.189 | bin_loss = 2.061 | filter_loss = 0.691 | train_loss = 2.658
2026-06-18 13:25:13 | INFO     | blancops.rl.trainer | 
Validation check at train step 2584 
 (val set)      entropy = 2.791 | logp_expert_action = -3.021 | action_margin = -1.520 | accuracy = 0.251 | filter_accuracy = 0.616 | unique_filters = 1.000 | bin_accuracy = 0.389 | ang_sep = 4.369 | unique_bins = 0.110 | bin_loss = 2.235 | filter_loss = 0.828 | val_loss = 3.021 
 (train batch)  entropy = 2.699 | logp_expert_action = -2.564 | action_margin = -1.047 | accuracy = 0.318 | filter_accuracy = 0.678 | unique_filters = 1.000 | bin_accuracy = 0.452 | ang_sep = 4.259 | unique_bins = 0.193 | bin_loss = 1.958 | filter_loss = 0.697 | train_loss = 2.564
2026-06-18 13:25:21 | INFO     | blancops.rl.trainer | 
Validation check at train step 2660 
 (val set)      entropy = 2.783 | logp_expert_action = -3.022 | action_margin = -1.524 | accuracy = 0.252 | filter_accuracy = 0.619 | unique_filters = 1.000 | bin_accuracy = 0.388 | ang_sep = 4.374 | unique_bins = 0.111 | bin_loss = 2.235 | filter_loss = 0.829 | val_loss = 3.022 
 (train batch)  entropy = 2.719 | logp_expert_action = -2.651 | action_margin = -1.148 | accuracy = 0.320 | filter_accuracy = 0.684 | unique_filters = 1.000 | bin_accuracy = 0.444 | ang_sep = 4.145 | unique_bins = 0.195 | bin_loss = 2.014 | filter_loss = 0.708 | train_loss = 2.651
2026-06-18 13:25:29 | INFO     | blancops.rl.trainer | 
Validation check at train step 2736 
 (val set)      entropy = 2.804 | logp_expert_action = -3.023 | action_margin = -1.519 | accuracy = 0.254 | filter_accuracy = 0.619 | unique_filters = 1.000 | bin_accuracy = 0.389 | ang_sep = 4.366 | unique_bins = 0.111 | bin_loss = 2.237 | filter_loss = 0.829 | val_loss = 3.023 
 (train batch)  entropy = 2.746 | logp_expert_action = -2.656 | action_margin = -1.117 | accuracy = 0.341 | filter_accuracy = 0.688 | unique_filters = 1.000 | bin_accuracy = 0.471 | ang_sep = 4.310 | unique_bins = 0.191 | bin_loss = 2.037 | filter_loss = 0.699 | train_loss = 2.655
2026-06-18 13:25:37 | INFO     | blancops.rl.trainer | 
Validation check at train step 2812 
 (val set)      entropy = 2.782 | logp_expert_action = -3.022 | action_margin = -1.526 | accuracy = 0.252 | filter_accuracy = 0.615 | unique_filters = 1.000 | bin_accuracy = 0.388 | ang_sep = 4.371 | unique_bins = 0.111 | bin_loss = 2.235 | filter_loss = 0.829 | val_loss = 3.022 
 (train batch)  entropy = 2.695 | logp_expert_action = -2.733 | action_margin = -1.250 | accuracy = 0.311 | filter_accuracy = 0.671 | unique_filters = 1.000 | bin_accuracy = 0.421 | ang_sep = 4.350 | unique_bins = 0.193 | bin_loss = 2.101 | filter_loss = 0.733 | train_loss = 2.733
2026-06-18 13:25:45 | INFO     | blancops.rl.trainer | 
Validation check at train step 2888 
 (val set)      entropy = 2.795 | logp_expert_action = -3.023 | action_margin = -1.523 | accuracy = 0.251 | filter_accuracy = 0.617 | unique_filters = 1.000 | bin_accuracy = 0.388 | ang_sep = 4.371 | unique_bins = 0.111 | bin_loss = 2.236 | filter_loss = 0.829 | val_loss = 3.023 
 (train batch)  entropy = 2.747 | logp_expert_action = -2.709 | action_margin = -1.219 | accuracy = 0.312 | filter_accuracy = 0.663 | unique_filters = 1.000 | bin_accuracy = 0.435 | ang_sep = 4.342 | unique_bins = 0.186 | bin_loss = 2.036 | filter_loss = 0.757 | train_loss = 2.709
2026-06-18 13:25:54 | INFO     | blancops.rl.trainer | 
Validation check at train step 2964 
 (val set)      entropy = 2.799 | logp_expert_action = -3.022 | action_margin = -1.519 | accuracy = 0.251 | filter_accuracy = 0.615 | unique_filters = 1.000 | bin_accuracy = 0.389 | ang_sep = 4.367 | unique_bins = 0.111 | bin_loss = 2.235 | filter_loss = 0.829 | val_loss = 3.022 
 (train batch)  entropy = 2.755 | logp_expert_action = -2.637 | action_margin = -1.102 | accuracy = 0.312 | filter_accuracy = 0.692 | unique_filters = 1.000 | bin_accuracy = 0.421 | ang_sep = 4.018 | unique_bins = 0.186 | bin_loss = 2.005 | filter_loss = 0.709 | train_loss = 2.637
2026-06-18 13:26:02 | INFO     | blancops.rl.trainer | 
Validation check at train step 3040 
 (val set)      entropy = 2.782 | logp_expert_action = -3.020 | action_margin = -1.523 | accuracy = 0.252 | filter_accuracy = 0.615 | unique_filters = 1.000 | bin_accuracy = 0.390 | ang_sep = 4.364 | unique_bins = 0.111 | bin_loss = 2.233 | filter_loss = 0.828 | val_loss = 3.020 
 (train batch)  entropy = 2.715 | logp_expert_action = -2.681 | action_margin = -1.188 | accuracy = 0.272 | filter_accuracy = 0.685 | unique_filters = 1.000 | bin_accuracy = 0.390 | ang_sep = 4.560 | unique_bins = 0.190 | bin_loss = 2.067 | filter_loss = 0.698 | train_loss = 2.681
2026-06-18 13:26:10 | INFO     | blancops.rl.trainer | 
Validation check at train step 3116 
 (val set)      entropy = 2.801 | logp_expert_action = -3.024 | action_margin = -1.523 | accuracy = 0.251 | filter_accuracy = 0.618 | unique_filters = 1.000 | bin_accuracy = 0.388 | ang_sep = 4.369 | unique_bins = 0.111 | bin_loss = 2.237 | filter_loss = 0.829 | val_loss = 3.024 
 (train batch)  entropy = 2.701 | logp_expert_action = -2.552 | action_margin = -1.016 | accuracy = 0.318 | filter_accuracy = 0.684 | unique_filters = 1.000 | bin_accuracy = 0.439 | ang_sep = 4.212 | unique_bins = 0.186 | bin_loss = 1.951 | filter_loss = 0.692 | train_loss = 2.552
2026-06-18 13:26:10 | INFO     | blancops.rl.trainer | No patience left. Ending training.
2026-06-18 13:26:10 | INFO     | blancops.rl.trainer | Best val_loss=3.004 at epoch 22
2026-06-18 13:26:10 | INFO     | blancops | Total train time = 334.6s on cuda
2026-06-18 13:26:10 | INFO     | blancops | Training complete.
2026-06-18 13:26:10 | INFO     | blancops | Results saved in /work/hdd/bgpy/rhur/blancops/experiments/bc/max_feature_set_iband_zenith_seeing/run_20260618_131519
2026-06-18 13:26:10 | INFO     | blancops | Plotting metrics…
2026-06-18 13:26:10 | INFO     | blancops | Peak GPU memory: 8.18 GB
