2026-06-18 13:33:28 | INFO     | blancops | Loading feature cache from /work/nvme/bgpy/rhur/blancops/data/train/des/feature_cache_nside32_azel
2026-06-18 13:33:28 | INFO     | blancops.data.feature_cache | Loading RawFeatureCache metadata from /work/nvme/bgpy/rhur/blancops/data/train/des/feature_cache_nside32_azel
2026-06-18 13:33:29 | INFO     | blancops.data.feature_cache | Loading RawFeatureCache bin_features from /work/nvme/bgpy/rhur/blancops/data/train/des/feature_cache_nside32_azel
2026-06-18 13:33:29 | INFO     | blancops.data.feature_cache | Loading RawFeatureCache transitions from /work/nvme/bgpy/rhur/blancops/data/train/des/feature_cache_nside32_azel
2026-06-18 13:33:29 | INFO     | blancops.data.feature_cache | Filtering cache to 689 nights (2013-01-01 to 2019-01-31)
2026-06-18 13:33:29 | INFO     | blancops.data.feature_cache | Removing 1719 date range transitions with time diff > 5 min. Total date range transitions: 86976
2026-06-18 13:49:38 | INFO     | blancops.data.dataset | Normalization stats saved to /work/hdd/bgpy/rhur/blancops/experiments/bc/max_feature_set_iband_zenith_seeing/run_20260618_133328/checkpoints/normalization_stats.json
2026-06-18 13:49:38 | INFO     | blancops | Train dataset: 689 nights, 86976 transitions
2026-06-18 13:49:38 | INFO     | blancops.data.feature_cache | Removing 1537 Train transitions with time diff > 5 min. Total Train transitions: 78559
2026-06-18 13:49:38 | INFO     | blancops.data.feature_cache | Removing 182 Val transitions with time diff > 5 min. Total Val transitions: 8417
2026-06-18 13:50:49 | INFO     | blancops.data.feature_cache | ValDatasetCache saved to /work/hdd/bgpy/rhur/blancops/experiments/bc/max_feature_set_iband_zenith_seeing/run_20260618_133328/checkpoints/val_dataset_cache.pt
2026-06-18 13:50:49 | INFO     | blancops | Val dataset cache saved to /work/hdd/bgpy/rhur/blancops/experiments/bc/max_feature_set_iband_zenith_seeing/run_20260618_133328/checkpoints/val_dataset_cache.pt
2026-06-18 13:50:49 | INFO     | blancops | Released feature cache from memory.
2026-06-18 13:54:20 | INFO     | blancops | Starting training…
2026-06-18 13:54:33 | INFO     | blancops.rl.trainer | 
Validation check at train step 0 
 (val set)      entropy = 10.295 | logp_expert_action = -10.086 | action_margin = -0.611 | accuracy = 0.001 | filter_accuracy = 0.276 | unique_filters = 0.844 | bin_accuracy = 0.003 | ang_sep = 28.284 | unique_bins = 0.059 | bin_loss = 8.522 | filter_loss = 1.557 | val_loss = 10.086 
 (train batch)  entropy = 10.276 | logp_expert_action = -10.420 | action_margin = -0.887 | accuracy = 0.000 | filter_accuracy = 0.250 | unique_filters = 0.800 | bin_accuracy = 0.004 | ang_sep = 31.369 | unique_bins = 0.123 | bin_loss = 8.728 | filter_loss = 1.636 | train_loss = 10.419
2026-06-18 13:54:33 | INFO     | blancops.rl.trainer | Improved model at step 0 (epoch 1): val_loss=10.086. Saving weights
2026-06-18 13:54:33 | INFO     | blancops.rl.checkpointer | Deployment model and norm stats saved to model.pt
2026-06-18 13:55:14 | INFO     | blancops.rl.trainer | 
Validation check at train step 76 
 (val set)      entropy = 5.781 | logp_expert_action = -5.101 | action_margin = -1.375 | accuracy = 0.077 | filter_accuracy = 0.525 | unique_filters = 1.000 | bin_accuracy = 0.152 | ang_sep = 4.562 | unique_bins = 0.062 | bin_loss = 4.065 | filter_loss = 1.059 | val_loss = 5.101 
 (train batch)  entropy = 5.720 | logp_expert_action = -5.043 | action_margin = -1.273 | accuracy = 0.077 | filter_accuracy = 0.529 | unique_filters = 1.000 | bin_accuracy = 0.156 | ang_sep = 4.580 | unique_bins = 0.100 | bin_loss = 4.042 | filter_loss = 1.027 | train_loss = 5.043
2026-06-18 13:55:14 | INFO     | blancops.rl.trainer | Improved model at step 76 (epoch 2): val_loss=5.101. Saving weights
2026-06-18 13:55:14 | INFO     | blancops.rl.checkpointer | Deployment model and norm stats saved to model.pt
2026-06-18 13:55:55 | INFO     | blancops.rl.trainer | 
Validation check at train step 152 
 (val set)      entropy = 5.129 | logp_expert_action = -4.751 | action_margin = -1.650 | accuracy = 0.100 | filter_accuracy = 0.545 | unique_filters = 1.000 | bin_accuracy = 0.186 | ang_sep = 4.319 | unique_bins = 0.061 | bin_loss = 3.757 | filter_loss = 1.015 | val_loss = 4.751 
 (train batch)  entropy = 5.066 | logp_expert_action = -4.792 | action_margin = -1.750 | accuracy = 0.086 | filter_accuracy = 0.575 | unique_filters = 1.000 | bin_accuracy = 0.174 | ang_sep = 4.846 | unique_bins = 0.100 | bin_loss = 3.833 | filter_loss = 0.967 | train_loss = 4.792
2026-06-18 13:55:55 | INFO     | blancops.rl.trainer | Improved model at step 152 (epoch 3): val_loss=4.751. Saving weights
2026-06-18 13:55:55 | INFO     | blancops.rl.checkpointer | Deployment model and norm stats saved to model.pt
2026-06-18 13:56:37 | INFO     | blancops.rl.trainer | 
Validation check at train step 228 
 (val set)      entropy = 4.771 | logp_expert_action = -4.626 | action_margin = -1.839 | accuracy = 0.104 | filter_accuracy = 0.557 | unique_filters = 1.000 | bin_accuracy = 0.183 | ang_sep = 4.314 | unique_bins = 0.061 | bin_loss = 3.654 | filter_loss = 0.995 | val_loss = 4.626 
 (train batch)  entropy = 4.673 | logp_expert_action = -4.601 | action_margin = -1.992 | accuracy = 0.098 | filter_accuracy = 0.574 | unique_filters = 1.000 | bin_accuracy = 0.195 | ang_sep = 4.435 | unique_bins = 0.099 | bin_loss = 3.649 | filter_loss = 0.976 | train_loss = 4.600
2026-06-18 13:56:37 | INFO     | blancops.rl.trainer | Improved model at step 228 (epoch 4): val_loss=4.626. Saving weights
2026-06-18 13:56:37 | INFO     | blancops.rl.checkpointer | Deployment model and norm stats saved to model.pt
2026-06-18 13:57:20 | INFO     | blancops.rl.trainer | 
Validation check at train step 304 
 (val set)      entropy = 4.735 | logp_expert_action = -4.483 | action_margin = -2.006 | accuracy = 0.113 | filter_accuracy = 0.576 | unique_filters = 1.000 | bin_accuracy = 0.194 | ang_sep = 4.251 | unique_bins = 0.060 | bin_loss = 3.532 | filter_loss = 0.974 | val_loss = 4.483 
 (train batch)  entropy = 4.657 | logp_expert_action = -4.357 | action_margin = -2.047 | accuracy = 0.134 | filter_accuracy = 0.587 | unique_filters = 1.000 | bin_accuracy = 0.225 | ang_sep = 4.116 | unique_bins = 0.096 | bin_loss = 3.435 | filter_loss = 0.950 | train_loss = 4.357
2026-06-18 13:57:20 | INFO     | blancops.rl.trainer | Improved model at step 304 (epoch 5): val_loss=4.483. Saving weights
2026-06-18 13:57:21 | INFO     | blancops.rl.checkpointer | Deployment model and norm stats saved to model.pt
2026-06-18 13:58:05 | INFO     | blancops.rl.trainer | 
Validation check at train step 380 
 (val set)      entropy = 4.760 | logp_expert_action = -4.408 | action_margin = -2.200 | accuracy = 0.127 | filter_accuracy = 0.603 | unique_filters = 1.000 | bin_accuracy = 0.206 | ang_sep = 4.184 | unique_bins = 0.060 | bin_loss = 3.506 | filter_loss = 0.931 | val_loss = 4.408 
 (train batch)  entropy = 4.480 | logp_expert_action = -4.158 | action_margin = -1.938 | accuracy = 0.143 | filter_accuracy = 0.615 | unique_filters = 1.000 | bin_accuracy = 0.226 | ang_sep = 4.000 | unique_bins = 0.097 | bin_loss = 3.330 | filter_loss = 0.881 | train_loss = 4.158
2026-06-18 13:58:05 | INFO     | blancops.rl.trainer | Improved model at step 380 (epoch 6): val_loss=4.408. Saving weights
2026-06-18 13:58:05 | INFO     | blancops.rl.checkpointer | Deployment model and norm stats saved to model.pt
2026-06-18 13:58:51 | INFO     | blancops.rl.trainer | 
Validation check at train step 456 
 (val set)      entropy = 4.249 | logp_expert_action = -4.345 | action_margin = -2.062 | accuracy = 0.125 | filter_accuracy = 0.592 | unique_filters = 1.000 | bin_accuracy = 0.205 | ang_sep = 4.198 | unique_bins = 0.061 | bin_loss = 3.446 | filter_loss = 0.925 | val_loss = 4.344 
 (train batch)  entropy = 4.222 | logp_expert_action = -4.319 | action_margin = -2.172 | accuracy = 0.131 | filter_accuracy = 0.611 | unique_filters = 1.000 | bin_accuracy = 0.209 | ang_sep = 4.464 | unique_bins = 0.098 | bin_loss = 3.498 | filter_loss = 0.871 | train_loss = 4.319
2026-06-18 13:58:51 | INFO     | blancops.rl.trainer | Improved model at step 456 (epoch 7): val_loss=4.344. Saving weights
2026-06-18 13:58:51 | INFO     | blancops.rl.checkpointer | Deployment model and norm stats saved to model.pt
2026-06-18 13:59:35 | INFO     | blancops.rl.trainer | 
Validation check at train step 532 
 (val set)      entropy = 3.996 | logp_expert_action = -4.330 | action_margin = -2.179 | accuracy = 0.127 | filter_accuracy = 0.605 | unique_filters = 1.000 | bin_accuracy = 0.201 | ang_sep = 4.216 | unique_bins = 0.061 | bin_loss = 3.467 | filter_loss = 0.896 | val_loss = 4.330 
 (train batch)  entropy = 4.000 | logp_expert_action = -4.107 | action_margin = -1.898 | accuracy = 0.156 | filter_accuracy = 0.621 | unique_filters = 1.000 | bin_accuracy = 0.242 | ang_sep = 4.162 | unique_bins = 0.097 | bin_loss = 3.274 | filter_loss = 0.876 | train_loss = 4.107
2026-06-18 13:59:35 | INFO     | blancops.rl.trainer | Improved model at step 532 (epoch 8): val_loss=4.330. Saving weights
2026-06-18 13:59:35 | INFO     | blancops.rl.checkpointer | Deployment model and norm stats saved to model.pt
2026-06-18 14:00:14 | INFO     | blancops.rl.trainer | 
Validation check at train step 608 
 (val set)      entropy = 4.103 | logp_expert_action = -4.378 | action_margin = -2.005 | accuracy = 0.130 | filter_accuracy = 0.586 | unique_filters = 1.000 | bin_accuracy = 0.202 | ang_sep = 4.204 | unique_bins = 0.061 | bin_loss = 3.502 | filter_loss = 0.914 | val_loss = 4.378 
 (train batch)  entropy = 4.503 | logp_expert_action = -4.222 | action_margin = -2.031 | accuracy = 0.128 | filter_accuracy = 0.617 | unique_filters = 1.000 | bin_accuracy = 0.215 | ang_sep = 4.296 | unique_bins = 0.098 | bin_loss = 3.360 | filter_loss = 0.909 | train_loss = 4.222
2026-06-18 14:00:53 | INFO     | blancops.rl.trainer | 
Validation check at train step 684 
 (val set)      entropy = 4.170 | logp_expert_action = -4.226 | action_margin = -2.087 | accuracy = 0.135 | filter_accuracy = 0.612 | unique_filters = 1.000 | bin_accuracy = 0.204 | ang_sep = 4.188 | unique_bins = 0.060 | bin_loss = 3.400 | filter_loss = 0.866 | val_loss = 4.226 
 (train batch)  entropy = 4.265 | logp_expert_action = -4.126 | action_margin = -2.016 | accuracy = 0.148 | filter_accuracy = 0.605 | unique_filters = 1.000 | bin_accuracy = 0.231 | ang_sep = 4.172 | unique_bins = 0.095 | bin_loss = 3.318 | filter_loss = 0.860 | train_loss = 4.126
2026-06-18 14:00:53 | INFO     | blancops.rl.trainer | Improved model at step 684 (epoch 10): val_loss=4.226. Saving weights
2026-06-18 14:00:53 | INFO     | blancops.rl.checkpointer | Deployment model and norm stats saved to model.pt
2026-06-18 14:01:32 | INFO     | blancops.rl.trainer | 
Validation check at train step 760 
 (val set)      entropy = 4.549 | logp_expert_action = -4.215 | action_margin = -2.055 | accuracy = 0.134 | filter_accuracy = 0.623 | unique_filters = 1.000 | bin_accuracy = 0.203 | ang_sep = 4.159 | unique_bins = 0.061 | bin_loss = 3.403 | filter_loss = 0.864 | val_loss = 4.215 
 (train batch)  entropy = 4.050 | logp_expert_action = -3.978 | action_margin = -1.844 | accuracy = 0.169 | filter_accuracy = 0.653 | unique_filters = 1.000 | bin_accuracy = 0.249 | ang_sep = 3.888 | unique_bins = 0.096 | bin_loss = 3.227 | filter_loss = 0.804 | train_loss = 3.978
2026-06-18 14:01:32 | INFO     | blancops.rl.trainer | Improved model at step 760 (epoch 11): val_loss=4.215. Saving weights
2026-06-18 14:01:32 | INFO     | blancops.rl.checkpointer | Deployment model and norm stats saved to model.pt
2026-06-18 14:02:11 | INFO     | blancops.rl.trainer | 
Validation check at train step 836 
 (val set)      entropy = 4.575 | logp_expert_action = -4.218 | action_margin = -2.083 | accuracy = 0.140 | filter_accuracy = 0.641 | unique_filters = 1.000 | bin_accuracy = 0.209 | ang_sep = 4.151 | unique_bins = 0.061 | bin_loss = 3.413 | filter_loss = 0.854 | val_loss = 4.218 
 (train batch)  entropy = 3.962 | logp_expert_action = -3.977 | action_margin = -1.852 | accuracy = 0.176 | filter_accuracy = 0.640 | unique_filters = 1.000 | bin_accuracy = 0.241 | ang_sep = 4.217 | unique_bins = 0.098 | bin_loss = 3.243 | filter_loss = 0.808 | train_loss = 3.978
2026-06-18 14:02:51 | INFO     | blancops.rl.trainer | 
Validation check at train step 912 
 (val set)      entropy = 3.885 | logp_expert_action = -4.247 | action_margin = -2.235 | accuracy = 0.125 | filter_accuracy = 0.590 | unique_filters = 1.000 | bin_accuracy = 0.202 | ang_sep = 4.213 | unique_bins = 0.061 | bin_loss = 3.395 | filter_loss = 0.898 | val_loss = 4.247 
 (train batch)  entropy = 4.444 | logp_expert_action = -4.101 | action_margin = -2.016 | accuracy = 0.145 | filter_accuracy = 0.637 | unique_filters = 1.000 | bin_accuracy = 0.220 | ang_sep = 4.132 | unique_bins = 0.098 | bin_loss = 3.374 | filter_loss = 0.816 | train_loss = 4.102
2026-06-18 14:03:29 | INFO     | blancops.rl.trainer | 
Validation check at train step 988 
 (val set)      entropy = 3.847 | logp_expert_action = -4.156 | action_margin = -2.035 | accuracy = 0.145 | filter_accuracy = 0.623 | unique_filters = 1.000 | bin_accuracy = 0.209 | ang_sep = 4.175 | unique_bins = 0.061 | bin_loss = 3.362 | filter_loss = 0.849 | val_loss = 4.155 
 (train batch)  entropy = 4.251 | logp_expert_action = -3.945 | action_margin = -1.883 | accuracy = 0.176 | filter_accuracy = 0.650 | unique_filters = 1.000 | bin_accuracy = 0.239 | ang_sep = 4.335 | unique_bins = 0.094 | bin_loss = 3.204 | filter_loss = 0.801 | train_loss = 3.945
2026-06-18 14:03:29 | INFO     | blancops.rl.trainer | Improved model at step 988 (epoch 14): val_loss=4.155. Saving weights
2026-06-18 14:03:29 | INFO     | blancops.rl.checkpointer | Deployment model and norm stats saved to model.pt
2026-06-18 14:04:09 | INFO     | blancops.rl.trainer | 
Validation check at train step 1064 
 (val set)      entropy = 4.602 | logp_expert_action = -4.200 | action_margin = -2.041 | accuracy = 0.142 | filter_accuracy = 0.636 | unique_filters = 1.000 | bin_accuracy = 0.211 | ang_sep = 4.152 | unique_bins = 0.060 | bin_loss = 3.399 | filter_loss = 0.864 | val_loss = 4.200 
 (train batch)  entropy = 4.585 | logp_expert_action = -4.110 | action_margin = -1.945 | accuracy = 0.153 | filter_accuracy = 0.670 | unique_filters = 1.000 | bin_accuracy = 0.222 | ang_sep = 4.318 | unique_bins = 0.098 | bin_loss = 3.367 | filter_loss = 0.826 | train_loss = 4.110
2026-06-18 14:04:48 | INFO     | blancops.rl.trainer | 
Validation check at train step 1140 
 (val set)      entropy = 4.221 | logp_expert_action = -4.129 | action_margin = -2.059 | accuracy = 0.148 | filter_accuracy = 0.633 | unique_filters = 1.000 | bin_accuracy = 0.219 | ang_sep = 4.178 | unique_bins = 0.060 | bin_loss = 3.337 | filter_loss = 0.848 | val_loss = 4.129 
 (train batch)  entropy = 3.860 | logp_expert_action = -4.039 | action_margin = -1.938 | accuracy = 0.169 | filter_accuracy = 0.638 | unique_filters = 1.000 | bin_accuracy = 0.223 | ang_sep = 4.780 | unique_bins = 0.094 | bin_loss = 3.323 | filter_loss = 0.794 | train_loss = 4.039
2026-06-18 14:04:48 | INFO     | blancops.rl.trainer | Improved model at step 1140 (epoch 16): val_loss=4.129. Saving weights
2026-06-18 14:04:48 | INFO     | blancops.rl.checkpointer | Deployment model and norm stats saved to model.pt
2026-06-18 14:05:26 | INFO     | blancops.rl.trainer | 
Validation check at train step 1216 
 (val set)      entropy = 4.229 | logp_expert_action = -4.091 | action_margin = -2.019 | accuracy = 0.147 | filter_accuracy = 0.634 | unique_filters = 1.000 | bin_accuracy = 0.218 | ang_sep = 4.161 | unique_bins = 0.060 | bin_loss = 3.310 | filter_loss = 0.841 | val_loss = 4.090 
 (train batch)  entropy = 4.439 | logp_expert_action = -4.001 | action_margin = -1.852 | accuracy = 0.144 | filter_accuracy = 0.644 | unique_filters = 1.000 | bin_accuracy = 0.217 | ang_sep = 4.467 | unique_bins = 0.099 | bin_loss = 3.295 | filter_loss = 0.806 | train_loss = 4.001
2026-06-18 14:05:26 | INFO     | blancops.rl.trainer | Improved model at step 1216 (epoch 17): val_loss=4.090. Saving weights
2026-06-18 14:05:26 | INFO     | blancops.rl.checkpointer | Deployment model and norm stats saved to model.pt
2026-06-18 14:06:05 | INFO     | blancops.rl.trainer | 
Validation check at train step 1292 
 (val set)      entropy = 3.949 | logp_expert_action = -4.084 | action_margin = -2.020 | accuracy = 0.148 | filter_accuracy = 0.613 | unique_filters = 1.000 | bin_accuracy = 0.214 | ang_sep = 4.183 | unique_bins = 0.060 | bin_loss = 3.308 | filter_loss = 0.845 | val_loss = 4.084 
 (train batch)  entropy = 3.978 | logp_expert_action = -3.853 | action_margin = -1.812 | accuracy = 0.193 | filter_accuracy = 0.675 | unique_filters = 1.000 | bin_accuracy = 0.262 | ang_sep = 4.069 | unique_bins = 0.096 | bin_loss = 3.163 | filter_loss = 0.767 | train_loss = 3.853
2026-06-18 14:06:05 | INFO     | blancops.rl.trainer | Improved model at step 1292 (epoch 18): val_loss=4.084. Saving weights
2026-06-18 14:06:05 | INFO     | blancops.rl.checkpointer | Deployment model and norm stats saved to model.pt
2026-06-18 14:06:45 | INFO     | blancops.rl.trainer | 
Validation check at train step 1368 
 (val set)      entropy = 3.813 | logp_expert_action = -4.085 | action_margin = -2.143 | accuracy = 0.156 | filter_accuracy = 0.627 | unique_filters = 1.000 | bin_accuracy = 0.223 | ang_sep = 4.147 | unique_bins = 0.060 | bin_loss = 3.313 | filter_loss = 0.835 | val_loss = 4.085 
 (train batch)  entropy = 3.757 | logp_expert_action = -3.858 | action_margin = -1.852 | accuracy = 0.195 | filter_accuracy = 0.646 | unique_filters = 1.000 | bin_accuracy = 0.251 | ang_sep = 4.418 | unique_bins = 0.097 | bin_loss = 3.206 | filter_loss = 0.770 | train_loss = 3.858
2026-06-18 14:07:23 | INFO     | blancops.rl.trainer | 
Validation check at train step 1444 
 (val set)      entropy = 3.911 | logp_expert_action = -4.059 | action_margin = -2.061 | accuracy = 0.155 | filter_accuracy = 0.629 | unique_filters = 1.000 | bin_accuracy = 0.222 | ang_sep = 4.170 | unique_bins = 0.059 | bin_loss = 3.302 | filter_loss = 0.827 | val_loss = 4.059 
 (train batch)  entropy = 3.805 | logp_expert_action = -3.846 | action_margin = -1.820 | accuracy = 0.207 | filter_accuracy = 0.648 | unique_filters = 1.000 | bin_accuracy = 0.265 | ang_sep = 4.453 | unique_bins = 0.096 | bin_loss = 3.191 | filter_loss = 0.763 | train_loss = 3.846
2026-06-18 14:07:23 | INFO     | blancops.rl.trainer | Improved model at step 1444 (epoch 20): val_loss=4.059. Saving weights
2026-06-18 14:07:23 | INFO     | blancops.rl.checkpointer | Deployment model and norm stats saved to model.pt
2026-06-18 14:08:02 | INFO     | blancops.rl.trainer | 
Validation check at train step 1520 
 (val set)      entropy = 3.793 | logp_expert_action = -4.052 | action_margin = -2.061 | accuracy = 0.158 | filter_accuracy = 0.625 | unique_filters = 1.000 | bin_accuracy = 0.224 | ang_sep = 4.162 | unique_bins = 0.060 | bin_loss = 3.288 | filter_loss = 0.829 | val_loss = 4.052 
 (train batch)  entropy = 3.649 | logp_expert_action = -3.782 | action_margin = -1.727 | accuracy = 0.173 | filter_accuracy = 0.633 | unique_filters = 1.000 | bin_accuracy = 0.242 | ang_sep = 4.069 | unique_bins = 0.098 | bin_loss = 3.087 | filter_loss = 0.777 | train_loss = 3.782
2026-06-18 14:08:02 | INFO     | blancops.rl.trainer | Improved model at step 1520 (epoch 21): val_loss=4.052. Saving weights
2026-06-18 14:08:02 | INFO     | blancops.rl.checkpointer | Deployment model and norm stats saved to model.pt
2026-06-18 14:08:42 | INFO     | blancops.rl.trainer | 
Validation check at train step 1596 
 (val set)      entropy = 3.995 | logp_expert_action = -4.045 | action_margin = -2.070 | accuracy = 0.153 | filter_accuracy = 0.624 | unique_filters = 1.000 | bin_accuracy = 0.225 | ang_sep = 4.123 | unique_bins = 0.060 | bin_loss = 3.286 | filter_loss = 0.837 | val_loss = 4.045 
 (train batch)  entropy = 3.654 | logp_expert_action = -3.820 | action_margin = -1.820 | accuracy = 0.194 | filter_accuracy = 0.660 | unique_filters = 1.000 | bin_accuracy = 0.266 | ang_sep = 4.546 | unique_bins = 0.097 | bin_loss = 3.171 | filter_loss = 0.749 | train_loss = 3.820
2026-06-18 14:08:42 | INFO     | blancops.rl.trainer | Improved model at step 1596 (epoch 22): val_loss=4.045. Saving weights
2026-06-18 14:08:42 | INFO     | blancops.rl.checkpointer | Deployment model and norm stats saved to model.pt
2026-06-18 14:09:21 | INFO     | blancops.rl.trainer | 
Validation check at train step 1672 
 (val set)      entropy = 3.912 | logp_expert_action = -4.053 | action_margin = -2.010 | accuracy = 0.157 | filter_accuracy = 0.620 | unique_filters = 1.000 | bin_accuracy = 0.219 | ang_sep = 4.210 | unique_bins = 0.060 | bin_loss = 3.287 | filter_loss = 0.837 | val_loss = 4.053 
 (train batch)  entropy = 3.759 | logp_expert_action = -3.736 | action_margin = -1.680 | accuracy = 0.209 | filter_accuracy = 0.651 | unique_filters = 1.000 | bin_accuracy = 0.273 | ang_sep = 4.416 | unique_bins = 0.095 | bin_loss = 3.088 | filter_loss = 0.745 | train_loss = 3.736
2026-06-18 14:10:00 | INFO     | blancops.rl.trainer | 
Validation check at train step 1748 
 (val set)      entropy = 3.784 | logp_expert_action = -4.039 | action_margin = -2.072 | accuracy = 0.160 | filter_accuracy = 0.619 | unique_filters = 1.000 | bin_accuracy = 0.223 | ang_sep = 4.156 | unique_bins = 0.060 | bin_loss = 3.285 | filter_loss = 0.826 | val_loss = 4.039 
 (train batch)  entropy = 3.878 | logp_expert_action = -3.826 | action_margin = -1.797 | accuracy = 0.211 | filter_accuracy = 0.655 | unique_filters = 1.000 | bin_accuracy = 0.271 | ang_sep = 4.710 | unique_bins = 0.099 | bin_loss = 3.153 | filter_loss = 0.771 | train_loss = 3.826
2026-06-18 14:10:00 | INFO     | blancops.rl.trainer | Improved model at step 1748 (epoch 24): val_loss=4.039. Saving weights
2026-06-18 14:10:00 | INFO     | blancops.rl.checkpointer | Deployment model and norm stats saved to model.pt
2026-06-18 14:10:39 | INFO     | blancops.rl.trainer | 
Validation check at train step 1824 
 (val set)      entropy = 3.948 | logp_expert_action = -4.029 | action_margin = -2.041 | accuracy = 0.161 | filter_accuracy = 0.637 | unique_filters = 1.000 | bin_accuracy = 0.228 | ang_sep = 4.153 | unique_bins = 0.059 | bin_loss = 3.278 | filter_loss = 0.818 | val_loss = 4.029 
 (train batch)  entropy = 3.700 | logp_expert_action = -3.675 | action_margin = -1.672 | accuracy = 0.220 | filter_accuracy = 0.674 | unique_filters = 1.000 | bin_accuracy = 0.271 | ang_sep = 3.912 | unique_bins = 0.098 | bin_loss = 3.036 | filter_loss = 0.759 | train_loss = 3.675
2026-06-18 14:10:39 | INFO     | blancops.rl.trainer | Improved model at step 1824 (epoch 25): val_loss=4.029. Saving weights
2026-06-18 14:10:39 | INFO     | blancops.rl.checkpointer | Deployment model and norm stats saved to model.pt
2026-06-18 14:11:18 | INFO     | blancops.rl.trainer | 
Validation check at train step 1900 
 (val set)      entropy = 3.930 | logp_expert_action = -4.030 | action_margin = -2.045 | accuracy = 0.161 | filter_accuracy = 0.629 | unique_filters = 1.000 | bin_accuracy = 0.227 | ang_sep = 4.173 | unique_bins = 0.059 | bin_loss = 3.276 | filter_loss = 0.823 | val_loss = 4.030 
 (train batch)  entropy = 3.854 | logp_expert_action = -3.784 | action_margin = -1.773 | accuracy = 0.188 | filter_accuracy = 0.670 | unique_filters = 1.000 | bin_accuracy = 0.243 | ang_sep = 4.189 | unique_bins = 0.095 | bin_loss = 3.153 | filter_loss = 0.748 | train_loss = 3.784
2026-06-18 14:11:57 | INFO     | blancops.rl.trainer | 
Validation check at train step 1976 
 (val set)      entropy = 3.789 | logp_expert_action = -4.016 | action_margin = -2.051 | accuracy = 0.160 | filter_accuracy = 0.624 | unique_filters = 1.000 | bin_accuracy = 0.224 | ang_sep = 4.195 | unique_bins = 0.059 | bin_loss = 3.268 | filter_loss = 0.822 | val_loss = 4.016 
 (train batch)  entropy = 3.766 | logp_expert_action = -3.603 | action_margin = -1.609 | accuracy = 0.224 | filter_accuracy = 0.680 | unique_filters = 1.000 | bin_accuracy = 0.300 | ang_sep = 4.132 | unique_bins = 0.092 | bin_loss = 3.002 | filter_loss = 0.708 | train_loss = 3.603
2026-06-18 14:11:57 | INFO     | blancops.rl.trainer | Improved model at step 1976 (epoch 27): val_loss=4.016. Saving weights
2026-06-18 14:11:57 | INFO     | blancops.rl.checkpointer | Deployment model and norm stats saved to model.pt
2026-06-18 14:12:36 | INFO     | blancops.rl.trainer | 
Validation check at train step 2052 
 (val set)      entropy = 3.852 | logp_expert_action = -4.020 | action_margin = -2.076 | accuracy = 0.165 | filter_accuracy = 0.625 | unique_filters = 1.000 | bin_accuracy = 0.230 | ang_sep = 4.157 | unique_bins = 0.059 | bin_loss = 3.271 | filter_loss = 0.823 | val_loss = 4.020 
 (train batch)  entropy = 3.811 | logp_expert_action = -3.765 | action_margin = -1.766 | accuracy = 0.200 | filter_accuracy = 0.675 | unique_filters = 1.000 | bin_accuracy = 0.256 | ang_sep = 4.350 | unique_bins = 0.097 | bin_loss = 3.144 | filter_loss = 0.711 | train_loss = 3.765
2026-06-18 14:13:15 | INFO     | blancops.rl.trainer | 
Validation check at train step 2128 
 (val set)      entropy = 3.729 | logp_expert_action = -4.015 | action_margin = -2.046 | accuracy = 0.163 | filter_accuracy = 0.626 | unique_filters = 1.000 | bin_accuracy = 0.226 | ang_sep = 4.182 | unique_bins = 0.060 | bin_loss = 3.265 | filter_loss = 0.823 | val_loss = 4.014 
 (train batch)  entropy = 3.642 | logp_expert_action = -3.770 | action_margin = -1.781 | accuracy = 0.207 | filter_accuracy = 0.634 | unique_filters = 1.000 | bin_accuracy = 0.279 | ang_sep = 4.330 | unique_bins = 0.098 | bin_loss = 3.109 | filter_loss = 0.756 | train_loss = 3.770
2026-06-18 14:13:15 | INFO     | blancops.rl.trainer | Improved model at step 2128 (epoch 29): val_loss=4.014. Saving weights
2026-06-18 14:13:15 | INFO     | blancops.rl.checkpointer | Deployment model and norm stats saved to model.pt
2026-06-18 14:13:54 | INFO     | blancops.rl.trainer | 
Validation check at train step 2204 
 (val set)      entropy = 3.791 | logp_expert_action = -4.009 | action_margin = -2.051 | accuracy = 0.164 | filter_accuracy = 0.625 | unique_filters = 1.000 | bin_accuracy = 0.227 | ang_sep = 4.171 | unique_bins = 0.059 | bin_loss = 3.263 | filter_loss = 0.820 | val_loss = 4.008 
 (train batch)  entropy = 3.700 | logp_expert_action = -3.746 | action_margin = -1.797 | accuracy = 0.199 | filter_accuracy = 0.617 | unique_filters = 1.000 | bin_accuracy = 0.272 | ang_sep = 4.174 | unique_bins = 0.096 | bin_loss = 3.080 | filter_loss = 0.774 | train_loss = 3.746
2026-06-18 14:13:54 | INFO     | blancops.rl.trainer | Improved model at step 2204 (epoch 30): val_loss=4.008. Saving weights
2026-06-18 14:13:54 | INFO     | blancops.rl.checkpointer | Deployment model and norm stats saved to model.pt
2026-06-18 14:14:33 | INFO     | blancops.rl.trainer | 
Validation check at train step 2280 
 (val set)      entropy = 3.770 | logp_expert_action = -4.006 | action_margin = -2.043 | accuracy = 0.163 | filter_accuracy = 0.623 | unique_filters = 1.000 | bin_accuracy = 0.225 | ang_sep = 4.186 | unique_bins = 0.060 | bin_loss = 3.261 | filter_loss = 0.820 | val_loss = 4.006 
 (train batch)  entropy = 3.704 | logp_expert_action = -3.670 | action_margin = -1.680 | accuracy = 0.206 | filter_accuracy = 0.637 | unique_filters = 1.000 | bin_accuracy = 0.282 | ang_sep = 4.254 | unique_bins = 0.098 | bin_loss = 3.022 | filter_loss = 0.744 | train_loss = 3.669
2026-06-18 14:14:33 | INFO     | blancops.rl.trainer | Improved model at step 2280 (epoch 31): val_loss=4.006. Saving weights
2026-06-18 14:14:33 | INFO     | blancops.rl.checkpointer | Deployment model and norm stats saved to model.pt
2026-06-18 14:15:12 | INFO     | blancops.rl.trainer | 
Validation check at train step 2356 
 (val set)      entropy = 3.803 | logp_expert_action = -4.004 | action_margin = -2.049 | accuracy = 0.163 | filter_accuracy = 0.626 | unique_filters = 1.000 | bin_accuracy = 0.227 | ang_sep = 4.179 | unique_bins = 0.060 | bin_loss = 3.261 | filter_loss = 0.819 | val_loss = 4.004 
 (train batch)  entropy = 3.760 | logp_expert_action = -3.586 | action_margin = -1.570 | accuracy = 0.218 | filter_accuracy = 0.670 | unique_filters = 1.000 | bin_accuracy = 0.271 | ang_sep = 3.974 | unique_bins = 0.094 | bin_loss = 2.989 | filter_loss = 0.721 | train_loss = 3.585
2026-06-18 14:15:12 | INFO     | blancops.rl.trainer | Improved model at step 2356 (epoch 32): val_loss=4.004. Saving weights
2026-06-18 14:15:12 | INFO     | blancops.rl.checkpointer | Deployment model and norm stats saved to model.pt
2026-06-18 14:15:51 | INFO     | blancops.rl.trainer | 
Validation check at train step 2432 
 (val set)      entropy = 3.791 | logp_expert_action = -4.006 | action_margin = -2.043 | accuracy = 0.165 | filter_accuracy = 0.623 | unique_filters = 1.000 | bin_accuracy = 0.227 | ang_sep = 4.179 | unique_bins = 0.059 | bin_loss = 3.260 | filter_loss = 0.820 | val_loss = 4.006 
 (train batch)  entropy = 3.729 | logp_expert_action = -3.669 | action_margin = -1.664 | accuracy = 0.217 | filter_accuracy = 0.686 | unique_filters = 1.000 | bin_accuracy = 0.279 | ang_sep = 4.401 | unique_bins = 0.096 | bin_loss = 3.055 | filter_loss = 0.719 | train_loss = 3.670
2026-06-18 14:16:30 | INFO     | blancops.rl.trainer | 
Validation check at train step 2508 
 (val set)      entropy = 3.817 | logp_expert_action = -4.006 | action_margin = -2.048 | accuracy = 0.163 | filter_accuracy = 0.627 | unique_filters = 1.000 | bin_accuracy = 0.225 | ang_sep = 4.180 | unique_bins = 0.059 | bin_loss = 3.264 | filter_loss = 0.817 | val_loss = 4.006 
 (train batch)  entropy = 3.767 | logp_expert_action = -3.688 | action_margin = -1.695 | accuracy = 0.201 | filter_accuracy = 0.671 | unique_filters = 1.000 | bin_accuracy = 0.260 | ang_sep = 4.229 | unique_bins = 0.096 | bin_loss = 3.103 | filter_loss = 0.711 | train_loss = 3.688
2026-06-18 14:17:10 | INFO     | blancops.rl.trainer | 
Validation check at train step 2584 
 (val set)      entropy = 3.807 | logp_expert_action = -4.005 | action_margin = -2.047 | accuracy = 0.164 | filter_accuracy = 0.626 | unique_filters = 1.000 | bin_accuracy = 0.228 | ang_sep = 4.173 | unique_bins = 0.060 | bin_loss = 3.262 | filter_loss = 0.819 | val_loss = 4.005 
 (train batch)  entropy = 3.718 | logp_expert_action = -3.566 | action_margin = -1.586 | accuracy = 0.222 | filter_accuracy = 0.684 | unique_filters = 1.000 | bin_accuracy = 0.280 | ang_sep = 4.095 | unique_bins = 0.096 | bin_loss = 2.975 | filter_loss = 0.709 | train_loss = 3.566
2026-06-18 14:17:48 | INFO     | blancops.rl.trainer | 
Validation check at train step 2660 
 (val set)      entropy = 3.780 | logp_expert_action = -4.005 | action_margin = -2.037 | accuracy = 0.165 | filter_accuracy = 0.625 | unique_filters = 1.000 | bin_accuracy = 0.228 | ang_sep = 4.176 | unique_bins = 0.059 | bin_loss = 3.259 | filter_loss = 0.821 | val_loss = 4.005 
 (train batch)  entropy = 3.758 | logp_expert_action = -3.686 | action_margin = -1.672 | accuracy = 0.200 | filter_accuracy = 0.673 | unique_filters = 1.000 | bin_accuracy = 0.252 | ang_sep = 4.123 | unique_bins = 0.097 | bin_loss = 3.068 | filter_loss = 0.724 | train_loss = 3.686
2026-06-18 14:18:27 | INFO     | blancops.rl.trainer | 
Validation check at train step 2736 
 (val set)      entropy = 3.824 | logp_expert_action = -4.007 | action_margin = -2.042 | accuracy = 0.166 | filter_accuracy = 0.626 | unique_filters = 1.000 | bin_accuracy = 0.230 | ang_sep = 4.177 | unique_bins = 0.059 | bin_loss = 3.261 | filter_loss = 0.819 | val_loss = 4.007 
 (train batch)  entropy = 3.794 | logp_expert_action = -3.653 | action_margin = -1.641 | accuracy = 0.226 | filter_accuracy = 0.676 | unique_filters = 1.000 | bin_accuracy = 0.283 | ang_sep = 4.319 | unique_bins = 0.094 | bin_loss = 3.055 | filter_loss = 0.702 | train_loss = 3.654
2026-06-18 14:19:06 | INFO     | blancops.rl.trainer | 
Validation check at train step 2812 
 (val set)      entropy = 3.805 | logp_expert_action = -4.004 | action_margin = -2.036 | accuracy = 0.165 | filter_accuracy = 0.627 | unique_filters = 1.000 | bin_accuracy = 0.227 | ang_sep = 4.181 | unique_bins = 0.059 | bin_loss = 3.259 | filter_loss = 0.818 | val_loss = 4.004 
 (train batch)  entropy = 3.758 | logp_expert_action = -3.785 | action_margin = -1.797 | accuracy = 0.168 | filter_accuracy = 0.657 | unique_filters = 1.000 | bin_accuracy = 0.242 | ang_sep = 4.280 | unique_bins = 0.095 | bin_loss = 3.134 | filter_loss = 0.743 | train_loss = 3.785
2026-06-18 14:19:06 | INFO     | blancops.rl.trainer | Improved model at step 2812 (epoch 38): val_loss=4.004. Saving weights
2026-06-18 14:19:06 | INFO     | blancops.rl.checkpointer | Deployment model and norm stats saved to model.pt
2026-06-18 14:19:45 | INFO     | blancops.rl.trainer | 
Validation check at train step 2888 
 (val set)      entropy = 3.796 | logp_expert_action = -4.003 | action_margin = -2.042 | accuracy = 0.164 | filter_accuracy = 0.625 | unique_filters = 1.000 | bin_accuracy = 0.228 | ang_sep = 4.180 | unique_bins = 0.059 | bin_loss = 3.259 | filter_loss = 0.819 | val_loss = 4.003 
 (train batch)  entropy = 3.749 | logp_expert_action = -3.768 | action_margin = -1.820 | accuracy = 0.188 | filter_accuracy = 0.645 | unique_filters = 1.000 | bin_accuracy = 0.242 | ang_sep = 4.242 | unique_bins = 0.097 | bin_loss = 3.096 | filter_loss = 0.784 | train_loss = 3.767
2026-06-18 14:19:45 | INFO     | blancops.rl.trainer | Improved model at step 2888 (epoch 39): val_loss=4.003. Saving weights
2026-06-18 14:19:45 | INFO     | blancops.rl.checkpointer | Deployment model and norm stats saved to model.pt
2026-06-18 14:20:24 | INFO     | blancops.rl.trainer | 
Validation check at train step 2964 
 (val set)      entropy = 3.816 | logp_expert_action = -4.005 | action_margin = -2.042 | accuracy = 0.163 | filter_accuracy = 0.627 | unique_filters = 1.000 | bin_accuracy = 0.227 | ang_sep = 4.183 | unique_bins = 0.060 | bin_loss = 3.261 | filter_loss = 0.819 | val_loss = 4.005 
 (train batch)  entropy = 3.802 | logp_expert_action = -3.640 | action_margin = -1.617 | accuracy = 0.202 | filter_accuracy = 0.648 | unique_filters = 1.000 | bin_accuracy = 0.269 | ang_sep = 3.814 | unique_bins = 0.095 | bin_loss = 3.016 | filter_loss = 0.750 | train_loss = 3.641
2026-06-18 14:21:03 | INFO     | blancops.rl.trainer | 
Validation check at train step 3040 
 (val set)      entropy = 3.773 | logp_expert_action = -4.007 | action_margin = -2.041 | accuracy = 0.163 | filter_accuracy = 0.626 | unique_filters = 1.000 | bin_accuracy = 0.226 | ang_sep = 4.182 | unique_bins = 0.059 | bin_loss = 3.260 | filter_loss = 0.820 | val_loss = 4.007 
 (train batch)  entropy = 3.686 | logp_expert_action = -3.705 | action_margin = -1.742 | accuracy = 0.191 | filter_accuracy = 0.660 | unique_filters = 1.000 | bin_accuracy = 0.258 | ang_sep = 4.358 | unique_bins = 0.097 | bin_loss = 3.084 | filter_loss = 0.720 | train_loss = 3.705
2026-06-18 14:21:42 | INFO     | blancops.rl.trainer | 
Validation check at train step 3116 
 (val set)      entropy = 3.799 | logp_expert_action = -4.006 | action_margin = -2.041 | accuracy = 0.164 | filter_accuracy = 0.626 | unique_filters = 1.000 | bin_accuracy = 0.228 | ang_sep = 4.186 | unique_bins = 0.059 | bin_loss = 3.261 | filter_loss = 0.819 | val_loss = 4.006 
 (train batch)  entropy = 3.707 | logp_expert_action = -3.552 | action_margin = -1.562 | accuracy = 0.215 | filter_accuracy = 0.687 | unique_filters = 1.000 | bin_accuracy = 0.278 | ang_sep = 3.996 | unique_bins = 0.093 | bin_loss = 2.968 | filter_loss = 0.709 | train_loss = 3.552
2026-06-18 14:22:22 | INFO     | blancops.rl.trainer | 
Validation check at train step 3192 
 (val set)      entropy = 3.811 | logp_expert_action = -4.005 | action_margin = -2.042 | accuracy = 0.166 | filter_accuracy = 0.626 | unique_filters = 1.000 | bin_accuracy = 0.230 | ang_sep = 4.184 | unique_bins = 0.060 | bin_loss = 3.261 | filter_loss = 0.819 | val_loss = 4.005 
 (train batch)  entropy = 3.753 | logp_expert_action = -3.630 | action_margin = -1.609 | accuracy = 0.211 | filter_accuracy = 0.687 | unique_filters = 1.000 | bin_accuracy = 0.273 | ang_sep = 4.409 | unique_bins = 0.098 | bin_loss = 3.031 | filter_loss = 0.711 | train_loss = 3.629
2026-06-18 14:23:00 | INFO     | blancops.rl.trainer | 
Validation check at train step 3268 
 (val set)      entropy = 3.808 | logp_expert_action = -4.005 | action_margin = -2.039 | accuracy = 0.165 | filter_accuracy = 0.625 | unique_filters = 1.000 | bin_accuracy = 0.228 | ang_sep = 4.172 | unique_bins = 0.060 | bin_loss = 3.260 | filter_loss = 0.819 | val_loss = 4.005 
 (train batch)  entropy = 3.698 | logp_expert_action = -3.501 | action_margin = -1.516 | accuracy = 0.239 | filter_accuracy = 0.675 | unique_filters = 1.000 | bin_accuracy = 0.309 | ang_sep = 3.741 | unique_bins = 0.099 | bin_loss = 2.864 | filter_loss = 0.735 | train_loss = 3.501
2026-06-18 14:23:38 | INFO     | blancops.rl.trainer | 
Validation check at train step 3344 
 (val set)      entropy = 3.786 | logp_expert_action = -4.006 | action_margin = -2.053 | accuracy = 0.164 | filter_accuracy = 0.626 | unique_filters = 1.000 | bin_accuracy = 0.226 | ang_sep = 4.182 | unique_bins = 0.060 | bin_loss = 3.262 | filter_loss = 0.819 | val_loss = 4.006 
 (train batch)  entropy = 3.712 | logp_expert_action = -3.567 | action_margin = -1.578 | accuracy = 0.227 | filter_accuracy = 0.675 | unique_filters = 1.000 | bin_accuracy = 0.296 | ang_sep = 4.107 | unique_bins = 0.095 | bin_loss = 2.951 | filter_loss = 0.720 | train_loss = 3.567
2026-06-18 14:24:18 | INFO     | blancops.rl.trainer | 
Validation check at train step 3420 
 (val set)      entropy = 3.787 | logp_expert_action = -4.005 | action_margin = -2.044 | accuracy = 0.165 | filter_accuracy = 0.626 | unique_filters = 1.000 | bin_accuracy = 0.229 | ang_sep = 4.175 | unique_bins = 0.059 | bin_loss = 3.261 | filter_loss = 0.819 | val_loss = 4.005 
 (train batch)  entropy = 3.687 | logp_expert_action = -3.683 | action_margin = -1.719 | accuracy = 0.188 | filter_accuracy = 0.659 | unique_filters = 1.000 | bin_accuracy = 0.254 | ang_sep = 3.889 | unique_bins = 0.096 | bin_loss = 3.059 | filter_loss = 0.719 | train_loss = 3.683
2026-06-18 14:24:57 | INFO     | blancops.rl.trainer | 
Validation check at train step 3496 
 (val set)      entropy = 3.799 | logp_expert_action = -4.004 | action_margin = -2.046 | accuracy = 0.164 | filter_accuracy = 0.627 | unique_filters = 1.000 | bin_accuracy = 0.227 | ang_sep = 4.185 | unique_bins = 0.060 | bin_loss = 3.261 | filter_loss = 0.819 | val_loss = 4.004 
 (train batch)  entropy = 3.725 | logp_expert_action = -3.714 | action_margin = -1.742 | accuracy = 0.208 | filter_accuracy = 0.675 | unique_filters = 1.000 | bin_accuracy = 0.277 | ang_sep = 4.806 | unique_bins = 0.097 | bin_loss = 3.088 | filter_loss = 0.711 | train_loss = 3.714
2026-06-18 14:25:36 | INFO     | blancops.rl.trainer | 
Validation check at train step 3572 
 (val set)      entropy = 3.800 | logp_expert_action = -4.004 | action_margin = -2.045 | accuracy = 0.165 | filter_accuracy = 0.626 | unique_filters = 1.000 | bin_accuracy = 0.227 | ang_sep = 4.186 | unique_bins = 0.060 | bin_loss = 3.260 | filter_loss = 0.820 | val_loss = 4.004 
 (train batch)  entropy = 3.772 | logp_expert_action = -3.799 | action_margin = -1.789 | accuracy = 0.201 | filter_accuracy = 0.667 | unique_filters = 1.000 | bin_accuracy = 0.262 | ang_sep = 4.626 | unique_bins = 0.097 | bin_loss = 3.161 | filter_loss = 0.728 | train_loss = 3.799
2026-06-18 14:26:15 | INFO     | blancops.rl.trainer | 
Validation check at train step 3648 
 (val set)      entropy = 3.794 | logp_expert_action = -4.004 | action_margin = -2.041 | accuracy = 0.165 | filter_accuracy = 0.625 | unique_filters = 1.000 | bin_accuracy = 0.228 | ang_sep = 4.180 | unique_bins = 0.059 | bin_loss = 3.260 | filter_loss = 0.819 | val_loss = 4.004 
 (train batch)  entropy = 3.707 | logp_expert_action = -3.587 | action_margin = -1.602 | accuracy = 0.215 | filter_accuracy = 0.695 | unique_filters = 1.000 | bin_accuracy = 0.272 | ang_sep = 4.074 | unique_bins = 0.099 | bin_loss = 3.000 | filter_loss = 0.706 | train_loss = 3.587
2026-06-18 14:26:54 | INFO     | blancops.rl.trainer | 
Validation check at train step 3724 
 (val set)      entropy = 3.795 | logp_expert_action = -4.002 | action_margin = -2.031 | accuracy = 0.166 | filter_accuracy = 0.625 | unique_filters = 1.000 | bin_accuracy = 0.229 | ang_sep = 4.188 | unique_bins = 0.059 | bin_loss = 3.258 | filter_loss = 0.819 | val_loss = 4.002 
 (train batch)  entropy = 3.746 | logp_expert_action = -3.688 | action_margin = -1.656 | accuracy = 0.202 | filter_accuracy = 0.691 | unique_filters = 1.000 | bin_accuracy = 0.269 | ang_sep = 4.179 | unique_bins = 0.097 | bin_loss = 3.067 | filter_loss = 0.723 | train_loss = 3.689
2026-06-18 14:26:54 | INFO     | blancops.rl.trainer | Improved model at step 3724 (epoch 50): val_loss=4.002. Saving weights
2026-06-18 14:26:54 | INFO     | blancops.rl.checkpointer | Deployment model and norm stats saved to model.pt
2026-06-18 14:27:27 | INFO     | blancops.rl.trainer | Best val_loss=4.002 at epoch 50
2026-06-18 14:27:28 | INFO     | blancops | Total train time = 1988.6s on cuda
2026-06-18 14:27:28 | INFO     | blancops | Training complete.
2026-06-18 14:27:28 | INFO     | blancops | Results saved in /work/hdd/bgpy/rhur/blancops/experiments/bc/max_feature_set_iband_zenith_seeing/run_20260618_133328
2026-06-18 14:27:28 | INFO     | blancops | Plotting metrics…
2026-06-18 14:27:29 | INFO     | blancops | Peak GPU memory: 32.88 GB
